{"C:\\Users\\pajot\\OneDrive\\Documents\\Cours\\Master\\M2\\Tests\\vroom-vroom\\back\\src\\app.controller.ts": {"path":"C:\\Users\\pajot\\OneDrive\\Documents\\Cours\\Master\\M2\\Tests\\vroom-vroom\\back\\src\\app.controller.ts","statementMap":{"0":{"start":{"line":1,"column":0},"end":{"line":1,"column":49}},"1":{"start":{"line":2,"column":0},"end":{"line":2,"column":43}},"2":{"start":{"line":5,"column":7},"end":{"line":12,"column":null}},"3":{"start":{"line":6,"column":31},"end":{"line":6,"column":43}},"4":{"start":{"line":10,"column":4},"end":{"line":10,"column":38}},"5":{"start":{"line":5,"column":13},"end":{"line":5,"column":26}},"6":{"start":{"line":9,"column":2},"end":{"line":11,"column":null}},"7":{"start":{"line":5,"column":13},"end":{"line":12,"column":null}}},"fnMap":{"0":{"name":"(anonymous_2)","decl":{"start":{"line":6,"column":2},"end":{"line":6,"column":31}},"loc":{"start":{"line":6,"column":53},"end":{"line":6,"column":57}}},"1":{"name":"(anonymous_3)","decl":{"start":{"line":9,"column":2},"end":{"line":9,"column":10}},"loc":{"start":{"line":9,"column":10},"end":{"line":11,"column":3}}}},"branchMap":{"0":{"loc":{"start":{"line":6,"column":43},"end":{"line":6,"column":56}},"type":"cond-expr","locations":[{"start":{"line":6,"column":53},"end":{"line":6,"column":56}},{"start":{"line":6,"column":53},"end":{"line":6,"column":56}}]},"1":{"loc":{"start":{"line":6,"column":43},"end":{"line":6,"column":53}},"type":"binary-expr","locations":[{"start":{"line":6,"column":43},"end":{"line":6,"column":56}},{"start":{"line":6,"column":43},"end":{"line":6,"column":53}}]}},"s":{"0":1,"1":1,"2":1,"3":1,"4":1,"5":1,"6":1,"7":1},"f":{"0":1,"1":1},"b":{"0":[1,0],"1":[1,1]}}
,"C:\\Users\\pajot\\OneDrive\\Documents\\Cours\\Master\\M2\\Tests\\vroom-vroom\\back\\src\\app.module.ts": {"path":"C:\\Users\\pajot\\OneDrive\\Documents\\Cours\\Master\\M2\\Tests\\vroom-vroom\\back\\src\\app.module.ts","statementMap":{"0":{"start":{"line":1,"column":0},"end":{"line":1,"column":40}},"1":{"start":{"line":2,"column":0},"end":{"line":2,"column":48}},"2":{"start":{"line":3,"column":0},"end":{"line":3,"column":61}},"3":{"start":{"line":4,"column":0},"end":{"line":4,"column":49}},"4":{"start":{"line":5,"column":0},"end":{"line":5,"column":43}},"5":{"start":{"line":6,"column":0},"end":{"line":6,"column":61}},"6":{"start":{"line":7,"column":0},"end":{"line":7,"column":59}},"7":{"start":{"line":8,"column":0},"end":{"line":8,"column":63}},"8":{"start":{"line":9,"column":0},"end":{"line":9,"column":77}},"9":{"start":{"line":10,"column":0},"end":{"line":10,"column":59}},"10":{"start":{"line":11,"column":0},"end":{"line":11,"column":59}},"11":{"start":{"line":12,"column":0},"end":{"line":12,"column":83}},"12":{"start":{"line":13,"column":0},"end":{"line":13,"column":56}},"13":{"start":{"line":44,"column":7},"end":{"line":44,"column":null}},"14":{"start":{"line":44,"column":13},"end":{"line":44,"column":22}},"15":{"start":{"line":44,"column":13},"end":{"line":44,"column":null}},"16":{"start":{"line":23,"column":53},"end":{"line":33,"column":8}}},"fnMap":{"0":{"name":"(anonymous_1)","decl":{"start":{"line":23,"column":18},"end":{"line":23,"column":19}},"loc":{"start":{"line":23,"column":53},"end":{"line":33,"column":8}}}},"branchMap":{},"s":{"0":0,"1":0,"2":0,"3":0,"4":0,"5":0,"6":0,"7":0,"8":0,"9":0,"10":0,"11":0,"12":0,"13":0,"14":0,"15":0,"16":0},"f":{"0":0},"b":{}}
,"C:\\Users\\pajot\\OneDrive\\Documents\\Cours\\Master\\M2\\Tests\\vroom-vroom\\back\\src\\app.service.ts": {"path":"C:\\Users\\pajot\\OneDrive\\Documents\\Cours\\Master\\M2\\Tests\\vroom-vroom\\back\\src\\app.service.ts","statementMap":{"0":{"start":{"line":1,"column":0},"end":{"line":1,"column":44}},"1":{"start":{"line":4,"column":7},"end":{"line":8,"column":null}},"2":{"start":{"line":6,"column":4},"end":{"line":6,"column":26}},"3":{"start":{"line":4,"column":13},"end":{"line":4,"column":23}},"4":{"start":{"line":4,"column":13},"end":{"line":8,"column":null}}},"fnMap":{"0":{"name":"(anonymous_1)","decl":{"start":{"line":5,"column":2},"end":{"line":5,"column":10}},"loc":{"start":{"line":5,"column":10},"end":{"line":7,"column":3}}}},"branchMap":{},"s":{"0":1,"1":1,"2":1,"3":1,"4":1},"f":{"0":1},"b":{}}
,"C:\\Users\\pajot\\OneDrive\\Documents\\Cours\\Master\\M2\\Tests\\vroom-vroom\\back\\src\\main.ts": {"path":"C:\\Users\\pajot\\OneDrive\\Documents\\Cours\\Master\\M2\\Tests\\vroom-vroom\\back\\src\\main.ts","statementMap":{"0":{"start":{"line":1,"column":0},"end":{"line":1,"column":43}},"1":{"start":{"line":2,"column":0},"end":{"line":2,"column":41}},"2":{"start":{"line":5,"column":14},"end":{"line":5,"column":49}},"3":{"start":{"line":6,"column":2},"end":{"line":6,"column":19}},"4":{"start":{"line":7,"column":2},"end":{"line":7,"column":45}},"5":{"start":{"line":9,"column":0},"end":{"line":9,"column":12}}},"fnMap":{"0":{"name":"bootstrap","decl":{"start":{"line":4,"column":15},"end":{"line":4,"column":24}},"loc":{"start":{"line":4,"column":24},"end":{"line":8,"column":1}}}},"branchMap":{"0":{"loc":{"start":{"line":7,"column":19},"end":{"line":7,"column":43}},"type":"binary-expr","locations":[{"start":{"line":7,"column":19},"end":{"line":7,"column":35}},{"start":{"line":7,"column":39},"end":{"line":7,"column":43}}]}},"s":{"0":0,"1":0,"2":0,"3":0,"4":0,"5":0},"f":{"0":0},"b":{"0":[0,0]}}
,"C:\\Users\\pajot\\OneDrive\\Documents\\Cours\\Master\\M2\\Tests\\vroom-vroom\\back\\src\\config\\typeorm.config.ts": {"path":"C:\\Users\\pajot\\OneDrive\\Documents\\Cours\\Master\\M2\\Tests\\vroom-vroom\\back\\src\\config\\typeorm.config.ts","statementMap":{"0":{"start":{"line":2,"column":0},"end":{"line":2,"column":23}},"1":{"start":{"line":3,"column":0},"end":{"line":3,"column":56}},"2":{"start":{"line":4,"column":0},"end":{"line":4,"column":47}},"3":{"start":{"line":5,"column":0},"end":{"line":5,"column":62}},"4":{"start":{"line":6,"column":0},"end":{"line":6,"column":60}},"5":{"start":{"line":7,"column":0},"end":{"line":7,"column":64}},"6":{"start":{"line":8,"column":0},"end":{"line":8,"column":78}},"7":{"start":{"line":10,"column":22},"end":{"line":10,"column":41}},"8":{"start":{"line":12,"column":41},"end":{"line":24,"column":2}},"9":{"start":{"line":26,"column":19},"end":{"line":26,"column":48}},"10":{"start":{"line":27,"column":0},"end":{"line":27,"column":26}}},"fnMap":{},"branchMap":{},"s":{"0":0,"1":0,"2":0,"3":0,"4":0,"5":0,"6":0,"7":0,"8":0,"9":0,"10":0},"f":{},"b":{}}
,"C:\\Users\\pajot\\OneDrive\\Documents\\Cours\\Master\\M2\\Tests\\vroom-vroom\\back\\src\\infrastructure\\entities\\announcement.entity.ts": {"path":"C:\\Users\\pajot\\OneDrive\\Documents\\Cours\\Master\\M2\\Tests\\vroom-vroom\\back\\src\\infrastructure\\entities\\announcement.entity.ts","statementMap":{"0":{"start":{"line":1,"column":0},"end":{"line":1,"column":124}},"1":{"start":{"line":2,"column":0},"end":{"line":2,"column":35}},"2":{"start":{"line":3,"column":0},"end":{"line":3,"column":39}},"3":{"start":{"line":6,"column":7},"end":{"line":38,"column":null}},"4":{"start":{"line":6,"column":13},"end":{"line":6,"column":25}},"5":{"start":{"line":8,"column":2},"end":{"line":8,"column":null}},"6":{"start":{"line":11,"column":2},"end":{"line":11,"column":null}},"7":{"start":{"line":14,"column":2},"end":{"line":14,"column":null}},"8":{"start":{"line":17,"column":2},"end":{"line":17,"column":null}},"9":{"start":{"line":20,"column":2},"end":{"line":20,"column":null}},"10":{"start":{"line":23,"column":2},"end":{"line":23,"column":null}},"11":{"start":{"line":27,"column":2},"end":{"line":27,"column":null}},"12":{"start":{"line":25,"column":19},"end":{"line":25,"column":22}},"13":{"start":{"line":25,"column":31},"end":{"line":25,"column":48}},"14":{"start":{"line":31,"column":2},"end":{"line":31,"column":null}},"15":{"start":{"line":29,"column":19},"end":{"line":29,"column":24}},"16":{"start":{"line":29,"column":35},"end":{"line":29,"column":54}},"17":{"start":{"line":34,"column":2},"end":{"line":34,"column":null}},"18":{"start":{"line":37,"column":2},"end":{"line":37,"column":null}},"19":{"start":{"line":6,"column":13},"end":{"line":38,"column":null}}},"fnMap":{"0":{"name":"(anonymous_2)","decl":{"start":{"line":25,"column":13},"end":{"line":25,"column":16}},"loc":{"start":{"line":25,"column":19},"end":{"line":25,"column":22}}},"1":{"name":"(anonymous_3)","decl":{"start":{"line":25,"column":24},"end":{"line":25,"column":27}},"loc":{"start":{"line":25,"column":31},"end":{"line":25,"column":48}}},"2":{"name":"(anonymous_4)","decl":{"start":{"line":29,"column":13},"end":{"line":29,"column":16}},"loc":{"start":{"line":29,"column":19},"end":{"line":29,"column":24}}},"3":{"name":"(anonymous_5)","decl":{"start":{"line":29,"column":26},"end":{"line":29,"column":31}},"loc":{"start":{"line":29,"column":35},"end":{"line":29,"column":54}}}},"branchMap":{"0":{"loc":{"start":{"line":17,"column":8},"end":{"line":17,"column":13}},"type":"cond-expr","locations":[{"start":{"line":17,"column":12},"end":{"line":17,"column":13}},{"start":{"line":17,"column":12},"end":{"line":17,"column":13}}]},"1":{"loc":{"start":{"line":17,"column":8},"end":{"line":17,"column":12}},"type":"binary-expr","locations":[{"start":{"line":17,"column":8},"end":{"line":17,"column":13}},{"start":{"line":17,"column":8},"end":{"line":17,"column":12}}]},"2":{"loc":{"start":{"line":27,"column":7},"end":{"line":27,"column":11}},"type":"cond-expr","locations":[{"start":{"line":27,"column":10},"end":{"line":27,"column":11}},{"start":{"line":27,"column":10},"end":{"line":27,"column":11}}]},"3":{"loc":{"start":{"line":27,"column":7},"end":{"line":27,"column":10}},"type":"binary-expr","locations":[{"start":{"line":27,"column":7},"end":{"line":27,"column":11}},{"start":{"line":27,"column":7},"end":{"line":27,"column":10}}]},"4":{"loc":{"start":{"line":31,"column":9},"end":{"line":31,"column":15}},"type":"cond-expr","locations":[{"start":{"line":31,"column":14},"end":{"line":31,"column":15}},{"start":{"line":31,"column":14},"end":{"line":31,"column":15}}]},"5":{"loc":{"start":{"line":31,"column":9},"end":{"line":31,"column":14}},"type":"binary-expr","locations":[{"start":{"line":31,"column":9},"end":{"line":31,"column":15}},{"start":{"line":31,"column":9},"end":{"line":31,"column":14}}]},"6":{"loc":{"start":{"line":34,"column":14},"end":{"line":34,"column":19}},"type":"cond-expr","locations":[{"start":{"line":34,"column":18},"end":{"line":34,"column":19}},{"start":{"line":34,"column":18},"end":{"line":34,"column":19}}]},"7":{"loc":{"start":{"line":34,"column":14},"end":{"line":34,"column":18}},"type":"binary-expr","locations":[{"start":{"line":34,"column":14},"end":{"line":34,"column":19}},{"start":{"line":34,"column":14},"end":{"line":34,"column":18}}]},"8":{"loc":{"start":{"line":37,"column":14},"end":{"line":37,"column":19}},"type":"cond-expr","locations":[{"start":{"line":37,"column":18},"end":{"line":37,"column":19}},{"start":{"line":37,"column":18},"end":{"line":37,"column":19}}]},"9":{"loc":{"start":{"line":37,"column":14},"end":{"line":37,"column":18}},"type":"binary-expr","locations":[{"start":{"line":37,"column":14},"end":{"line":37,"column":19}},{"start":{"line":37,"column":14},"end":{"line":37,"column":18}}]}},"s":{"0":5,"1":5,"2":5,"3":5,"4":5,"5":5,"6":5,"7":5,"8":5,"9":5,"10":5,"11":5,"12":0,"13":0,"14":5,"15":0,"16":0,"17":5,"18":5,"19":5},"f":{"0":0,"1":0,"2":0,"3":0},"b":{"0":[5,0],"1":[5,5],"2":[2,3],"3":[5,2],"4":[2,3],"5":[5,2],"6":[5,0],"7":[5,5],"8":[5,0],"9":[5,5]}}
,"C:\\Users\\pajot\\OneDrive\\Documents\\Cours\\Master\\M2\\Tests\\vroom-vroom\\back\\src\\infrastructure\\entities\\car.entity.ts": {"path":"C:\\Users\\pajot\\OneDrive\\Documents\\Cours\\Master\\M2\\Tests\\vroom-vroom\\back\\src\\infrastructure\\entities\\car.entity.ts","statementMap":{"0":{"start":{"line":1,"column":0},"end":{"line":1,"column":145}},"1":{"start":{"line":2,"column":0},"end":{"line":2,"column":37}},"2":{"start":{"line":3,"column":0},"end":{"line":3,"column":39}},"3":{"start":{"line":4,"column":0},"end":{"line":4,"column":53}},"4":{"start":{"line":7,"column":7},"end":{"line":38,"column":null}},"5":{"start":{"line":7,"column":13},"end":{"line":7,"column":16}},"6":{"start":{"line":9,"column":2},"end":{"line":9,"column":null}},"7":{"start":{"line":12,"column":2},"end":{"line":12,"column":null}},"8":{"start":{"line":15,"column":2},"end":{"line":15,"column":null}},"9":{"start":{"line":18,"column":2},"end":{"line":18,"column":null}},"10":{"start":{"line":21,"column":2},"end":{"line":21,"column":null}},"11":{"start":{"line":25,"column":2},"end":{"line":25,"column":null}},"12":{"start":{"line":23,"column":19},"end":{"line":23,"column":23}},"13":{"start":{"line":23,"column":33},"end":{"line":23,"column":42}},"14":{"start":{"line":28,"column":2},"end":{"line":28,"column":null}},"15":{"start":{"line":27,"column":18},"end":{"line":27,"column":23}},"16":{"start":{"line":27,"column":34},"end":{"line":27,"column":43}},"17":{"start":{"line":31,"column":2},"end":{"line":31,"column":null}},"18":{"start":{"line":30,"column":19},"end":{"line":30,"column":31}},"19":{"start":{"line":30,"column":49},"end":{"line":30,"column":65}},"20":{"start":{"line":34,"column":2},"end":{"line":34,"column":null}},"21":{"start":{"line":37,"column":2},"end":{"line":37,"column":null}},"22":{"start":{"line":7,"column":13},"end":{"line":38,"column":null}}},"fnMap":{"0":{"name":"(anonymous_2)","decl":{"start":{"line":23,"column":13},"end":{"line":23,"column":16}},"loc":{"start":{"line":23,"column":19},"end":{"line":23,"column":23}}},"1":{"name":"(anonymous_3)","decl":{"start":{"line":23,"column":25},"end":{"line":23,"column":29}},"loc":{"start":{"line":23,"column":33},"end":{"line":23,"column":42}}},"2":{"name":"(anonymous_4)","decl":{"start":{"line":27,"column":12},"end":{"line":27,"column":15}},"loc":{"start":{"line":27,"column":18},"end":{"line":27,"column":23}}},"3":{"name":"(anonymous_5)","decl":{"start":{"line":27,"column":25},"end":{"line":27,"column":30}},"loc":{"start":{"line":27,"column":34},"end":{"line":27,"column":43}}},"4":{"name":"(anonymous_6)","decl":{"start":{"line":30,"column":13},"end":{"line":30,"column":16}},"loc":{"start":{"line":30,"column":19},"end":{"line":30,"column":31}}},"5":{"name":"(anonymous_7)","decl":{"start":{"line":30,"column":33},"end":{"line":30,"column":45}},"loc":{"start":{"line":30,"column":49},"end":{"line":30,"column":65}}}},"branchMap":{"0":{"loc":{"start":{"line":25,"column":8},"end":{"line":25,"column":13}},"type":"cond-expr","locations":[{"start":{"line":25,"column":12},"end":{"line":25,"column":13}},{"start":{"line":25,"column":12},"end":{"line":25,"column":13}}]},"1":{"loc":{"start":{"line":25,"column":8},"end":{"line":25,"column":12}},"type":"binary-expr","locations":[{"start":{"line":25,"column":8},"end":{"line":25,"column":13}},{"start":{"line":25,"column":8},"end":{"line":25,"column":12}}]},"2":{"loc":{"start":{"line":28,"column":9},"end":{"line":28,"column":15}},"type":"cond-expr","locations":[{"start":{"line":28,"column":14},"end":{"line":28,"column":15}},{"start":{"line":28,"column":14},"end":{"line":28,"column":15}}]},"3":{"loc":{"start":{"line":28,"column":9},"end":{"line":28,"column":14}},"type":"binary-expr","locations":[{"start":{"line":28,"column":9},"end":{"line":28,"column":15}},{"start":{"line":28,"column":9},"end":{"line":28,"column":14}}]},"4":{"loc":{"start":{"line":34,"column":14},"end":{"line":34,"column":19}},"type":"cond-expr","locations":[{"start":{"line":34,"column":18},"end":{"line":34,"column":19}},{"start":{"line":34,"column":18},"end":{"line":34,"column":19}}]},"5":{"loc":{"start":{"line":34,"column":14},"end":{"line":34,"column":18}},"type":"binary-expr","locations":[{"start":{"line":34,"column":14},"end":{"line":34,"column":19}},{"start":{"line":34,"column":14},"end":{"line":34,"column":18}}]},"6":{"loc":{"start":{"line":37,"column":14},"end":{"line":37,"column":19}},"type":"cond-expr","locations":[{"start":{"line":37,"column":18},"end":{"line":37,"column":19}},{"start":{"line":37,"column":18},"end":{"line":37,"column":19}}]},"7":{"loc":{"start":{"line":37,"column":14},"end":{"line":37,"column":18}},"type":"binary-expr","locations":[{"start":{"line":37,"column":14},"end":{"line":37,"column":19}},{"start":{"line":37,"column":14},"end":{"line":37,"column":18}}]}},"s":{"0":5,"1":5,"2":5,"3":5,"4":5,"5":5,"6":5,"7":5,"8":5,"9":5,"10":5,"11":5,"12":0,"13":0,"14":5,"15":0,"16":0,"17":5,"18":0,"19":0,"20":5,"21":5,"22":5},"f":{"0":0,"1":0,"2":0,"3":0,"4":0,"5":0},"b":{"0":[4,1],"1":[5,4],"2":[4,1],"3":[5,4],"4":[5,0],"5":[5,5],"6":[5,0],"7":[5,5]}}
,"C:\\Users\\pajot\\OneDrive\\Documents\\Cours\\Master\\M2\\Tests\\vroom-vroom\\back\\src\\infrastructure\\entities\\stats.entity.ts": {"path":"C:\\Users\\pajot\\OneDrive\\Documents\\Cours\\Master\\M2\\Tests\\vroom-vroom\\back\\src\\infrastructure\\entities\\stats.entity.ts","statementMap":{"0":{"start":{"line":1,"column":0},"end":{"line":1,"column":134}},"1":{"start":{"line":2,"column":0},"end":{"line":2,"column":35}},"2":{"start":{"line":3,"column":0},"end":{"line":3,"column":53}},"3":{"start":{"line":6,"column":7},"end":{"line":31,"column":null}},"4":{"start":{"line":6,"column":13},"end":{"line":6,"column":18}},"5":{"start":{"line":8,"column":2},"end":{"line":8,"column":null}},"6":{"start":{"line":11,"column":2},"end":{"line":11,"column":null}},"7":{"start":{"line":14,"column":2},"end":{"line":14,"column":null}},"8":{"start":{"line":17,"column":2},"end":{"line":17,"column":null}},"9":{"start":{"line":21,"column":2},"end":{"line":21,"column":null}},"10":{"start":{"line":19,"column":18},"end":{"line":19,"column":21}},"11":{"start":{"line":19,"column":30},"end":{"line":19,"column":39}},"12":{"start":{"line":24,"column":2},"end":{"line":24,"column":null}},"13":{"start":{"line":23,"column":19},"end":{"line":23,"column":31}},"14":{"start":{"line":23,"column":49},"end":{"line":23,"column":67}},"15":{"start":{"line":27,"column":2},"end":{"line":27,"column":null}},"16":{"start":{"line":30,"column":2},"end":{"line":30,"column":null}},"17":{"start":{"line":6,"column":13},"end":{"line":31,"column":null}}},"fnMap":{"0":{"name":"(anonymous_2)","decl":{"start":{"line":19,"column":12},"end":{"line":19,"column":15}},"loc":{"start":{"line":19,"column":18},"end":{"line":19,"column":21}}},"1":{"name":"(anonymous_3)","decl":{"start":{"line":19,"column":23},"end":{"line":19,"column":26}},"loc":{"start":{"line":19,"column":30},"end":{"line":19,"column":39}}},"2":{"name":"(anonymous_4)","decl":{"start":{"line":23,"column":13},"end":{"line":23,"column":16}},"loc":{"start":{"line":23,"column":19},"end":{"line":23,"column":31}}},"3":{"name":"(anonymous_5)","decl":{"start":{"line":23,"column":33},"end":{"line":23,"column":45}},"loc":{"start":{"line":23,"column":49},"end":{"line":23,"column":67}}}},"branchMap":{"0":{"loc":{"start":{"line":21,"column":7},"end":{"line":21,"column":11}},"type":"cond-expr","locations":[{"start":{"line":21,"column":10},"end":{"line":21,"column":11}},{"start":{"line":21,"column":10},"end":{"line":21,"column":11}}]},"1":{"loc":{"start":{"line":21,"column":7},"end":{"line":21,"column":10}},"type":"binary-expr","locations":[{"start":{"line":21,"column":7},"end":{"line":21,"column":11}},{"start":{"line":21,"column":7},"end":{"line":21,"column":10}}]},"2":{"loc":{"start":{"line":27,"column":14},"end":{"line":27,"column":19}},"type":"cond-expr","locations":[{"start":{"line":27,"column":18},"end":{"line":27,"column":19}},{"start":{"line":27,"column":18},"end":{"line":27,"column":19}}]},"3":{"loc":{"start":{"line":27,"column":14},"end":{"line":27,"column":18}},"type":"binary-expr","locations":[{"start":{"line":27,"column":14},"end":{"line":27,"column":19}},{"start":{"line":27,"column":14},"end":{"line":27,"column":18}}]},"4":{"loc":{"start":{"line":30,"column":14},"end":{"line":30,"column":19}},"type":"cond-expr","locations":[{"start":{"line":30,"column":18},"end":{"line":30,"column":19}},{"start":{"line":30,"column":18},"end":{"line":30,"column":19}}]},"5":{"loc":{"start":{"line":30,"column":14},"end":{"line":30,"column":18}},"type":"binary-expr","locations":[{"start":{"line":30,"column":14},"end":{"line":30,"column":19}},{"start":{"line":30,"column":14},"end":{"line":30,"column":18}}]}},"s":{"0":5,"1":5,"2":5,"3":5,"4":5,"5":5,"6":5,"7":5,"8":5,"9":5,"10":0,"11":0,"12":5,"13":0,"14":0,"15":5,"16":5,"17":5},"f":{"0":0,"1":0,"2":0,"3":0},"b":{"0":[1,4],"1":[5,1],"2":[5,0],"3":[5,5],"4":[5,0],"5":[5,5]}}
,"C:\\Users\\pajot\\OneDrive\\Documents\\Cours\\Master\\M2\\Tests\\vroom-vroom\\back\\src\\infrastructure\\entities\\user.entity.ts": {"path":"C:\\Users\\pajot\\OneDrive\\Documents\\Cours\\Master\\M2\\Tests\\vroom-vroom\\back\\src\\infrastructure\\entities\\user.entity.ts","statementMap":{"0":{"start":{"line":1,"column":0},"end":{"line":1,"column":112}},"1":{"start":{"line":2,"column":0},"end":{"line":2,"column":35}},"2":{"start":{"line":5,"column":7},"end":{"line":20,"column":null}},"3":{"start":{"line":5,"column":13},"end":{"line":5,"column":17}},"4":{"start":{"line":7,"column":2},"end":{"line":7,"column":null}},"5":{"start":{"line":10,"column":2},"end":{"line":10,"column":null}},"6":{"start":{"line":13,"column":2},"end":{"line":13,"column":null}},"7":{"start":{"line":12,"column":19},"end":{"line":12,"column":22}},"8":{"start":{"line":12,"column":31},"end":{"line":12,"column":39}},"9":{"start":{"line":16,"column":2},"end":{"line":16,"column":null}},"10":{"start":{"line":19,"column":2},"end":{"line":19,"column":null}},"11":{"start":{"line":5,"column":13},"end":{"line":20,"column":null}}},"fnMap":{"0":{"name":"(anonymous_2)","decl":{"start":{"line":12,"column":13},"end":{"line":12,"column":16}},"loc":{"start":{"line":12,"column":19},"end":{"line":12,"column":22}}},"1":{"name":"(anonymous_3)","decl":{"start":{"line":12,"column":24},"end":{"line":12,"column":27}},"loc":{"start":{"line":12,"column":31},"end":{"line":12,"column":39}}}},"branchMap":{"0":{"loc":{"start":{"line":16,"column":14},"end":{"line":16,"column":19}},"type":"cond-expr","locations":[{"start":{"line":16,"column":18},"end":{"line":16,"column":19}},{"start":{"line":16,"column":18},"end":{"line":16,"column":19}}]},"1":{"loc":{"start":{"line":16,"column":14},"end":{"line":16,"column":18}},"type":"binary-expr","locations":[{"start":{"line":16,"column":14},"end":{"line":16,"column":19}},{"start":{"line":16,"column":14},"end":{"line":16,"column":18}}]},"2":{"loc":{"start":{"line":19,"column":14},"end":{"line":19,"column":19}},"type":"cond-expr","locations":[{"start":{"line":19,"column":18},"end":{"line":19,"column":19}},{"start":{"line":19,"column":18},"end":{"line":19,"column":19}}]},"3":{"loc":{"start":{"line":19,"column":14},"end":{"line":19,"column":18}},"type":"binary-expr","locations":[{"start":{"line":19,"column":14},"end":{"line":19,"column":19}},{"start":{"line":19,"column":14},"end":{"line":19,"column":18}}]}},"s":{"0":5,"1":5,"2":5,"3":5,"4":5,"5":5,"6":5,"7":0,"8":0,"9":5,"10":5,"11":5},"f":{"0":0,"1":0},"b":{"0":[5,0],"1":[5,5],"2":[5,0],"3":[5,5]}}
,"C:\\Users\\pajot\\OneDrive\\Documents\\Cours\\Master\\M2\\Tests\\vroom-vroom\\back\\src\\migrations\\1764086548394-CreateTables.ts": {"path":"C:\\Users\\pajot\\OneDrive\\Documents\\Cours\\Master\\M2\\Tests\\vroom-vroom\\back\\src\\migrations\\1764086548394-CreateTables.ts","statementMap":{"0":{"start":{"line":4,"column":11},"end":{"line":4,"column":38}},"1":{"start":{"line":7,"column":8},"end":{"line":7,"column":453}},"2":{"start":{"line":8,"column":8},"end":{"line":8,"column":457}},"3":{"start":{"line":9,"column":8},"end":{"line":9,"column":410}},"4":{"start":{"line":10,"column":8},"end":{"line":10,"column":326}},"5":{"start":{"line":11,"column":8},"end":{"line":11,"column":208}},"6":{"start":{"line":12,"column":8},"end":{"line":12,"column":210}},"7":{"start":{"line":13,"column":8},"end":{"line":13,"column":201}},"8":{"start":{"line":14,"column":8},"end":{"line":14,"column":201}},"9":{"start":{"line":18,"column":8},"end":{"line":18,"column":108}},"10":{"start":{"line":19,"column":8},"end":{"line":19,"column":109}},"11":{"start":{"line":20,"column":8},"end":{"line":20,"column":116}},"12":{"start":{"line":21,"column":8},"end":{"line":21,"column":116}},"13":{"start":{"line":22,"column":8},"end":{"line":22,"column":56}},"14":{"start":{"line":23,"column":8},"end":{"line":23,"column":55}},"15":{"start":{"line":24,"column":8},"end":{"line":24,"column":94}},"16":{"start":{"line":25,"column":8},"end":{"line":25,"column":56}},"17":{"start":{"line":26,"column":8},"end":{"line":26,"column":63}},"18":{"start":{"line":3,"column":0},"end":{"line":3,"column":13}}},"fnMap":{"0":{"name":"(anonymous_0)","decl":{"start":{"line":6,"column":11},"end":{"line":6,"column":16}},"loc":{"start":{"line":6,"column":44},"end":{"line":15,"column":5}}},"1":{"name":"(anonymous_1)","decl":{"start":{"line":17,"column":11},"end":{"line":17,"column":16}},"loc":{"start":{"line":17,"column":46},"end":{"line":27,"column":5}}}},"branchMap":{},"s":{"0":0,"1":0,"2":0,"3":0,"4":0,"5":0,"6":0,"7":0,"8":0,"9":0,"10":0,"11":0,"12":0,"13":0,"14":0,"15":0,"16":0,"17":0,"18":0},"f":{"0":0,"1":0},"b":{}}
,"C:\\Users\\pajot\\OneDrive\\Documents\\Cours\\Master\\M2\\Tests\\vroom-vroom\\back\\src\\modules\\announcements\\announcements.controller.ts": {"path":"C:\\Users\\pajot\\OneDrive\\Documents\\Cours\\Master\\M2\\Tests\\vroom-vroom\\back\\src\\modules\\announcements\\announcements.controller.ts","statementMap":{"0":{"start":{"line":1,"column":0},"end":{"line":1,"column":81}},"1":{"start":{"line":2,"column":0},"end":{"line":2,"column":63}},"2":{"start":{"line":4,"column":0},"end":{"line":4,"column":85}},"3":{"start":{"line":8,"column":7},"end":{"line":35,"column":null}},"4":{"start":{"line":9,"column":31},"end":{"line":9,"column":53}},"5":{"start":{"line":13,"column":4},"end":{"line":13,"column":59}},"6":{"start":{"line":18,"column":4},"end":{"line":18,"column":62}},"7":{"start":{"line":23,"column":4},"end":{"line":23,"column":62}},"8":{"start":{"line":28,"column":4},"end":{"line":28,"column":67}},"9":{"start":{"line":33,"column":4},"end":{"line":33,"column":61}},"10":{"start":{"line":8,"column":13},"end":{"line":8,"column":36}},"11":{"start":{"line":12,"column":2},"end":{"line":14,"column":null}},"12":{"start":{"line":17,"column":2},"end":{"line":19,"column":null}},"13":{"start":{"line":22,"column":2},"end":{"line":24,"column":null}},"14":{"start":{"line":27,"column":2},"end":{"line":29,"column":null}},"15":{"start":{"line":32,"column":2},"end":{"line":34,"column":null}},"16":{"start":{"line":8,"column":13},"end":{"line":35,"column":null}}},"fnMap":{"0":{"name":"(anonymous_4)","decl":{"start":{"line":9,"column":2},"end":{"line":9,"column":31}},"loc":{"start":{"line":9,"column":73},"end":{"line":9,"column":77}}},"1":{"name":"(anonymous_5)","decl":{"start":{"line":12,"column":2},"end":{"line":12,"column":8}},"loc":{"start":{"line":12,"column":8},"end":{"line":14,"column":3}}},"2":{"name":"(anonymous_6)","decl":{"start":{"line":17,"column":2},"end":{"line":17,"column":8}},"loc":{"start":{"line":17,"column":32},"end":{"line":19,"column":3}}},"3":{"name":"(anonymous_7)","decl":{"start":{"line":22,"column":2},"end":{"line":22,"column":8}},"loc":{"start":{"line":22,"column":44},"end":{"line":24,"column":3}}},"4":{"name":"(anonymous_8)","decl":{"start":{"line":27,"column":2},"end":{"line":27,"column":8}},"loc":{"start":{"line":27,"column":69},"end":{"line":29,"column":3}}},"5":{"name":"(anonymous_9)","decl":{"start":{"line":32,"column":2},"end":{"line":32,"column":8}},"loc":{"start":{"line":32,"column":32},"end":{"line":34,"column":3}}}},"branchMap":{"0":{"loc":{"start":{"line":12,"column":12},"end":{"line":12,"column":null}},"type":"cond-expr","locations":[{"start":{"line":12,"column":19},"end":{"line":12,"column":null}},{"start":{"line":12,"column":19},"end":{"line":12,"column":null}}]},"1":{"loc":{"start":{"line":12,"column":12},"end":{"line":12,"column":19}},"type":"binary-expr","locations":[{"start":{"line":12,"column":12},"end":{"line":12,"column":null}},{"start":{"line":12,"column":12},"end":{"line":12,"column":19}}]},"2":{"loc":{"start":{"line":17,"column":35},"end":{"line":17,"column":null}},"type":"cond-expr","locations":[{"start":{"line":17,"column":42},"end":{"line":17,"column":null}},{"start":{"line":17,"column":42},"end":{"line":17,"column":null}}]},"3":{"loc":{"start":{"line":17,"column":35},"end":{"line":17,"column":42}},"type":"binary-expr","locations":[{"start":{"line":17,"column":35},"end":{"line":17,"column":null}},{"start":{"line":17,"column":35},"end":{"line":17,"column":42}}]},"4":{"loc":{"start":{"line":22,"column":23},"end":{"line":22,"column":47}},"type":"cond-expr","locations":[{"start":{"line":22,"column":44},"end":{"line":22,"column":47}},{"start":{"line":22,"column":44},"end":{"line":22,"column":47}}]},"5":{"loc":{"start":{"line":22,"column":23},"end":{"line":22,"column":44}},"type":"binary-expr","locations":[{"start":{"line":22,"column":23},"end":{"line":22,"column":47}},{"start":{"line":22,"column":23},"end":{"line":22,"column":44}}]},"6":{"loc":{"start":{"line":22,"column":47},"end":{"line":22,"column":null}},"type":"cond-expr","locations":[{"start":{"line":22,"column":54},"end":{"line":22,"column":null}},{"start":{"line":22,"column":54},"end":{"line":22,"column":null}}]},"7":{"loc":{"start":{"line":22,"column":47},"end":{"line":22,"column":54}},"type":"binary-expr","locations":[{"start":{"line":22,"column":47},"end":{"line":22,"column":null}},{"start":{"line":22,"column":47},"end":{"line":22,"column":54}}]},"8":{"loc":{"start":{"line":27,"column":48},"end":{"line":27,"column":72}},"type":"cond-expr","locations":[{"start":{"line":27,"column":69},"end":{"line":27,"column":72}},{"start":{"line":27,"column":69},"end":{"line":27,"column":72}}]},"9":{"loc":{"start":{"line":27,"column":48},"end":{"line":27,"column":69}},"type":"binary-expr","locations":[{"start":{"line":27,"column":48},"end":{"line":27,"column":72}},{"start":{"line":27,"column":48},"end":{"line":27,"column":69}}]},"10":{"loc":{"start":{"line":27,"column":72},"end":{"line":27,"column":null}},"type":"cond-expr","locations":[{"start":{"line":27,"column":79},"end":{"line":27,"column":null}},{"start":{"line":27,"column":79},"end":{"line":27,"column":null}}]},"11":{"loc":{"start":{"line":27,"column":72},"end":{"line":27,"column":79}},"type":"binary-expr","locations":[{"start":{"line":27,"column":72},"end":{"line":27,"column":null}},{"start":{"line":27,"column":72},"end":{"line":27,"column":79}}]},"12":{"loc":{"start":{"line":32,"column":35},"end":{"line":32,"column":null}},"type":"cond-expr","locations":[{"start":{"line":32,"column":42},"end":{"line":32,"column":null}},{"start":{"line":32,"column":42},"end":{"line":32,"column":null}}]},"13":{"loc":{"start":{"line":32,"column":35},"end":{"line":32,"column":42}},"type":"binary-expr","locations":[{"start":{"line":32,"column":35},"end":{"line":32,"column":null}},{"start":{"line":32,"column":35},"end":{"line":32,"column":42}}]},"14":{"loc":{"start":{"line":9,"column":53},"end":{"line":9,"column":76}},"type":"cond-expr","locations":[{"start":{"line":9,"column":73},"end":{"line":9,"column":76}},{"start":{"line":9,"column":73},"end":{"line":9,"column":76}}]},"15":{"loc":{"start":{"line":9,"column":53},"end":{"line":9,"column":73}},"type":"binary-expr","locations":[{"start":{"line":9,"column":53},"end":{"line":9,"column":76}},{"start":{"line":9,"column":53},"end":{"line":9,"column":73}}]}},"s":{"0":1,"1":1,"2":1,"3":1,"4":5,"5":1,"6":1,"7":1,"8":1,"9":1,"10":1,"11":1,"12":1,"13":1,"14":1,"15":1,"16":1},"f":{"0":5,"1":1,"2":1,"3":1,"4":1,"5":1},"b":{"0":[1,0],"1":[1,1],"2":[1,0],"3":[1,1],"4":[1,0],"5":[1,1],"6":[1,0],"7":[1,1],"8":[1,0],"9":[1,1],"10":[1,0],"11":[1,1],"12":[1,0],"13":[1,1],"14":[1,0],"15":[1,1]}}
,"C:\\Users\\pajot\\OneDrive\\Documents\\Cours\\Master\\M2\\Tests\\vroom-vroom\\back\\src\\modules\\announcements\\announcements.model.ts": {"path":"C:\\Users\\pajot\\OneDrive\\Documents\\Cours\\Master\\M2\\Tests\\vroom-vroom\\back\\src\\modules\\announcements\\announcements.model.ts","statementMap":{"0":{"start":{"line":6,"column":20},"end":{"line":6,"column":30}},"1":{"start":{"line":7,"column":11},"end":{"line":7,"column":21}},"2":{"start":{"line":8,"column":11},"end":{"line":8,"column":27}},"3":{"start":{"line":9,"column":11},"end":{"line":9,"column":26}},"4":{"start":{"line":10,"column":20},"end":{"line":10,"column":33}},"5":{"start":{"line":11,"column":20},"end":{"line":11,"column":37}},"6":{"start":{"line":12,"column":20},"end":{"line":12,"column":36}},"7":{"start":{"line":13,"column":20},"end":{"line":13,"column":36}},"8":{"start":{"line":4,"column":0},"end":{"line":4,"column":13}}},"fnMap":{"0":{"name":"(anonymous_0)","decl":{"start":{"line":5,"column":2},"end":{"line":5,"column":null}},"loc":{"start":{"line":13,"column":36},"end":{"line":14,"column":6}}}},"branchMap":{},"s":{"0":45,"1":45,"2":45,"3":45,"4":45,"5":45,"6":45,"7":45,"8":3},"f":{"0":45},"b":{}}
,"C:\\Users\\pajot\\OneDrive\\Documents\\Cours\\Master\\M2\\Tests\\vroom-vroom\\back\\src\\modules\\announcements\\announcements.module.ts": {"path":"C:\\Users\\pajot\\OneDrive\\Documents\\Cours\\Master\\M2\\Tests\\vroom-vroom\\back\\src\\modules\\announcements\\announcements.module.ts","statementMap":{"0":{"start":{"line":1,"column":0},"end":{"line":1,"column":40}},"1":{"start":{"line":2,"column":0},"end":{"line":2,"column":48}},"2":{"start":{"line":3,"column":0},"end":{"line":3,"column":63}},"3":{"start":{"line":4,"column":0},"end":{"line":4,"column":69}},"4":{"start":{"line":5,"column":0},"end":{"line":5,"column":79}},"5":{"start":{"line":6,"column":0},"end":{"line":6,"column":63}},"6":{"start":{"line":7,"column":0},"end":{"line":7,"column":61}},"7":{"start":{"line":8,"column":0},"end":{"line":8,"column":69}},"8":{"start":{"line":15,"column":7},"end":{"line":15,"column":null}},"9":{"start":{"line":15,"column":13},"end":{"line":15,"column":32}},"10":{"start":{"line":15,"column":13},"end":{"line":15,"column":null}}},"fnMap":{},"branchMap":{},"s":{"0":0,"1":0,"2":0,"3":0,"4":0,"5":0,"6":0,"7":0,"8":0,"9":0,"10":0},"f":{},"b":{}}
,"C:\\Users\\pajot\\OneDrive\\Documents\\Cours\\Master\\M2\\Tests\\vroom-vroom\\back\\src\\modules\\announcements\\announcements.repository.ts": {"path":"C:\\Users\\pajot\\OneDrive\\Documents\\Cours\\Master\\M2\\Tests\\vroom-vroom\\back\\src\\modules\\announcements\\announcements.repository.ts","statementMap":{"0":{"start":{"line":1,"column":0},"end":{"line":1,"column":44}},"1":{"start":{"line":2,"column":0},"end":{"line":2,"column":51}},"2":{"start":{"line":3,"column":0},"end":{"line":3,"column":37}},"3":{"start":{"line":4,"column":0},"end":{"line":4,"column":58}},"4":{"start":{"line":6,"column":0},"end":{"line":6,"column":81}},"5":{"start":{"line":9,"column":7},"end":{"line":58,"column":null}},"6":{"start":{"line":12,"column":21},"end":{"line":12,"column":27}},"7":{"start":{"line":16,"column":4},"end":{"line":25,"column":6}},"8":{"start":{"line":29,"column":21},"end":{"line":31,"column":6}},"9":{"start":{"line":32,"column":4},"end":{"line":32,"column":46}},"10":{"start":{"line":32,"column":29},"end":{"line":32,"column":44}},"11":{"start":{"line":36,"column":19},"end":{"line":39,"column":6}},"12":{"start":{"line":40,"column":4},"end":{"line":40,"column":48}},"13":{"start":{"line":44,"column":19},"end":{"line":44,"column":41}},"14":{"start":{"line":45,"column":18},"end":{"line":45,"column":46}},"15":{"start":{"line":46,"column":4},"end":{"line":46,"column":31}},"16":{"start":{"line":50,"column":4},"end":{"line":50,"column":37}},"17":{"start":{"line":51,"column":4},"end":{"line":51,"column":29}},"18":{"start":{"line":55,"column":4},"end":{"line":55,"column":31}},"19":{"start":{"line":9,"column":13},"end":{"line":9,"column":36}},"20":{"start":{"line":9,"column":13},"end":{"line":58,"column":null}}},"fnMap":{"0":{"name":"(anonymous_4)","decl":{"start":{"line":10,"column":2},"end":{"line":10,"column":null}},"loc":{"start":{"line":12,"column":51},"end":{"line":13,"column":6}}},"1":{"name":"(anonymous_5)","decl":{"start":{"line":15,"column":10},"end":{"line":15,"column":17}},"loc":{"start":{"line":15,"column":38},"end":{"line":26,"column":3}}},"2":{"name":"(anonymous_6)","decl":{"start":{"line":28,"column":2},"end":{"line":28,"column":7}},"loc":{"start":{"line":28,"column":15},"end":{"line":33,"column":3}}},"3":{"name":"(anonymous_7)","decl":{"start":{"line":32,"column":24},"end":{"line":32,"column":25}},"loc":{"start":{"line":32,"column":29},"end":{"line":32,"column":44}}},"4":{"name":"(anonymous_8)","decl":{"start":{"line":35,"column":2},"end":{"line":35,"column":7}},"loc":{"start":{"line":35,"column":27},"end":{"line":41,"column":3}}},"5":{"name":"(anonymous_9)","decl":{"start":{"line":43,"column":2},"end":{"line":43,"column":7}},"loc":{"start":{"line":43,"column":42},"end":{"line":47,"column":3}}},"6":{"name":"(anonymous_10)","decl":{"start":{"line":49,"column":2},"end":{"line":49,"column":7}},"loc":{"start":{"line":49,"column":54},"end":{"line":52,"column":3}}},"7":{"name":"(anonymous_11)","decl":{"start":{"line":54,"column":2},"end":{"line":54,"column":7}},"loc":{"start":{"line":54,"column":25},"end":{"line":56,"column":3}}}},"branchMap":{"0":{"loc":{"start":{"line":40,"column":11},"end":{"line":40,"column":47}},"type":"cond-expr","locations":[{"start":{"line":40,"column":20},"end":{"line":40,"column":40}},{"start":{"line":40,"column":43},"end":{"line":40,"column":47}}]},"1":{"loc":{"start":{"line":12,"column":27},"end":{"line":12,"column":51}},"type":"cond-expr","locations":[{"start":{"line":12,"column":37},"end":{"line":12,"column":51}},{"start":{"line":12,"column":37},"end":{"line":12,"column":51}}]},"2":{"loc":{"start":{"line":12,"column":27},"end":{"line":12,"column":37}},"type":"binary-expr","locations":[{"start":{"line":12,"column":27},"end":{"line":12,"column":51}},{"start":{"line":12,"column":27},"end":{"line":12,"column":37}}]}},"s":{"0":2,"1":2,"2":2,"3":2,"4":2,"5":2,"6":0,"7":0,"8":0,"9":0,"10":0,"11":0,"12":0,"13":0,"14":0,"15":0,"16":0,"17":0,"18":0,"19":2,"20":2},"f":{"0":0,"1":0,"2":0,"3":0,"4":0,"5":0,"6":0,"7":0},"b":{"0":[0,0],"1":[2,0],"2":[2,2]}}
,"C:\\Users\\pajot\\OneDrive\\Documents\\Cours\\Master\\M2\\Tests\\vroom-vroom\\back\\src\\modules\\announcements\\announcements.service.ts": {"path":"C:\\Users\\pajot\\OneDrive\\Documents\\Cours\\Master\\M2\\Tests\\vroom-vroom\\back\\src\\modules\\announcements\\announcements.service.ts","statementMap":{"0":{"start":{"line":1,"column":0},"end":{"line":1,"column":44}},"1":{"start":{"line":6,"column":0},"end":{"line":6,"column":69}},"2":{"start":{"line":10,"column":7},"end":{"line":34,"column":null}},"3":{"start":{"line":12,"column":21},"end":{"line":12,"column":39}},"4":{"start":{"line":16,"column":4},"end":{"line":16,"column":49}},"5":{"start":{"line":20,"column":4},"end":{"line":20,"column":52}},"6":{"start":{"line":24,"column":4},"end":{"line":24,"column":52}},"7":{"start":{"line":28,"column":4},"end":{"line":28,"column":56}},"8":{"start":{"line":32,"column":4},"end":{"line":32,"column":50}},"9":{"start":{"line":10,"column":13},"end":{"line":10,"column":33}},"10":{"start":{"line":10,"column":13},"end":{"line":34,"column":null}}},"fnMap":{"0":{"name":"(anonymous_2)","decl":{"start":{"line":11,"column":2},"end":{"line":11,"column":null}},"loc":{"start":{"line":12,"column":62},"end":{"line":13,"column":6}}},"1":{"name":"(anonymous_3)","decl":{"start":{"line":15,"column":2},"end":{"line":15,"column":7}},"loc":{"start":{"line":15,"column":27},"end":{"line":17,"column":3}}},"2":{"name":"(anonymous_4)","decl":{"start":{"line":19,"column":2},"end":{"line":19,"column":7}},"loc":{"start":{"line":19,"column":38},"end":{"line":21,"column":3}}},"3":{"name":"(anonymous_5)","decl":{"start":{"line":23,"column":2},"end":{"line":23,"column":7}},"loc":{"start":{"line":23,"column":54},"end":{"line":25,"column":3}}},"4":{"name":"(anonymous_6)","decl":{"start":{"line":27,"column":2},"end":{"line":27,"column":7}},"loc":{"start":{"line":27,"column":66},"end":{"line":29,"column":3}}},"5":{"name":"(anonymous_7)","decl":{"start":{"line":31,"column":2},"end":{"line":31,"column":7}},"loc":{"start":{"line":31,"column":37},"end":{"line":33,"column":3}}}},"branchMap":{"0":{"loc":{"start":{"line":12,"column":39},"end":{"line":12,"column":null}},"type":"cond-expr","locations":[{"start":{"line":12,"column":62},"end":{"line":12,"column":null}},{"start":{"line":12,"column":62},"end":{"line":12,"column":null}}]},"1":{"loc":{"start":{"line":12,"column":39},"end":{"line":12,"column":62}},"type":"binary-expr","locations":[{"start":{"line":12,"column":39},"end":{"line":12,"column":null}},{"start":{"line":12,"column":39},"end":{"line":12,"column":62}}]}},"s":{"0":2,"1":2,"2":2,"3":10,"4":2,"5":2,"6":2,"7":2,"8":2,"9":2,"10":2},"f":{"0":10,"1":2,"2":2,"3":2,"4":2,"5":2},"b":{"0":[2,0],"1":[2,2]}}
,"C:\\Users\\pajot\\OneDrive\\Documents\\Cours\\Master\\M2\\Tests\\vroom-vroom\\back\\src\\modules\\announcements\\announcements.types.ts": {"path":"C:\\Users\\pajot\\OneDrive\\Documents\\Cours\\Master\\M2\\Tests\\vroom-vroom\\back\\src\\modules\\announcements\\announcements.types.ts","statementMap":{"0":{"start":{"line":6,"column":20},"end":{"line":6,"column":25}},"1":{"start":{"line":1,"column":0},"end":{"line":1,"column":13}},"2":{"start":{"line":9,"column":0},"end":{"line":9,"column":13}}},"fnMap":{},"branchMap":{},"s":{"0":0,"1":1,"2":1},"f":{},"b":{}}
,"C:\\Users\\pajot\\OneDrive\\Documents\\Cours\\Master\\M2\\Tests\\vroom-vroom\\back\\src\\modules\\cars\\cars.controller.ts": {"path":"C:\\Users\\pajot\\OneDrive\\Documents\\Cours\\Master\\M2\\Tests\\vroom-vroom\\back\\src\\modules\\cars\\cars.controller.ts","statementMap":{"0":{"start":{"line":1,"column":0},"end":{"line":1,"column":81}},"1":{"start":{"line":2,"column":0},"end":{"line":2,"column":45}},"2":{"start":{"line":3,"column":0},"end":{"line":3,"column":57}},"3":{"start":{"line":6,"column":7},"end":{"line":38,"column":null}},"4":{"start":{"line":7,"column":31},"end":{"line":7,"column":40}},"5":{"start":{"line":11,"column":4},"end":{"line":11,"column":34}},"6":{"start":{"line":16,"column":4},"end":{"line":16,"column":45}},"7":{"start":{"line":21,"column":4},"end":{"line":21,"column":53}},"8":{"start":{"line":26,"column":4},"end":{"line":26,"column":37}},"9":{"start":{"line":31,"column":4},"end":{"line":31,"column":49}},"10":{"start":{"line":36,"column":4},"end":{"line":36,"column":43}},"11":{"start":{"line":6,"column":13},"end":{"line":6,"column":27}},"12":{"start":{"line":10,"column":2},"end":{"line":12,"column":null}},"13":{"start":{"line":15,"column":2},"end":{"line":17,"column":null}},"14":{"start":{"line":20,"column":2},"end":{"line":22,"column":null}},"15":{"start":{"line":25,"column":2},"end":{"line":27,"column":null}},"16":{"start":{"line":30,"column":2},"end":{"line":32,"column":null}},"17":{"start":{"line":35,"column":2},"end":{"line":37,"column":null}},"18":{"start":{"line":6,"column":13},"end":{"line":38,"column":null}}},"fnMap":{"0":{"name":"(anonymous_4)","decl":{"start":{"line":7,"column":2},"end":{"line":7,"column":31}},"loc":{"start":{"line":7,"column":51},"end":{"line":7,"column":55}}},"1":{"name":"(anonymous_5)","decl":{"start":{"line":10,"column":2},"end":{"line":10,"column":8}},"loc":{"start":{"line":10,"column":8},"end":{"line":12,"column":3}}},"2":{"name":"(anonymous_6)","decl":{"start":{"line":15,"column":2},"end":{"line":15,"column":9}},"loc":{"start":{"line":15,"column":33},"end":{"line":17,"column":3}}},"3":{"name":"(anonymous_7)","decl":{"start":{"line":20,"column":2},"end":{"line":20,"column":13}},"loc":{"start":{"line":20,"column":45},"end":{"line":22,"column":3}}},"4":{"name":"(anonymous_8)","decl":{"start":{"line":25,"column":2},"end":{"line":25,"column":8}},"loc":{"start":{"line":25,"column":35},"end":{"line":27,"column":3}}},"5":{"name":"(anonymous_9)","decl":{"start":{"line":30,"column":2},"end":{"line":30,"column":8}},"loc":{"start":{"line":30,"column":60},"end":{"line":32,"column":3}}},"6":{"name":"(anonymous_10)","decl":{"start":{"line":35,"column":2},"end":{"line":35,"column":8}},"loc":{"start":{"line":35,"column":32},"end":{"line":37,"column":3}}}},"branchMap":{"0":{"loc":{"start":{"line":25,"column":23},"end":{"line":25,"column":null}},"type":"cond-expr","locations":[{"start":{"line":25,"column":35},"end":{"line":25,"column":null}},{"start":{"line":25,"column":35},"end":{"line":25,"column":null}}]},"1":{"loc":{"start":{"line":25,"column":23},"end":{"line":25,"column":35}},"type":"binary-expr","locations":[{"start":{"line":25,"column":23},"end":{"line":25,"column":null}},{"start":{"line":25,"column":23},"end":{"line":25,"column":35}}]},"2":{"loc":{"start":{"line":30,"column":48},"end":{"line":30,"column":null}},"type":"cond-expr","locations":[{"start":{"line":30,"column":60},"end":{"line":30,"column":null}},{"start":{"line":30,"column":60},"end":{"line":30,"column":null}}]},"3":{"loc":{"start":{"line":30,"column":48},"end":{"line":30,"column":60}},"type":"binary-expr","locations":[{"start":{"line":30,"column":48},"end":{"line":30,"column":null}},{"start":{"line":30,"column":48},"end":{"line":30,"column":60}}]},"4":{"loc":{"start":{"line":7,"column":40},"end":{"line":7,"column":54}},"type":"cond-expr","locations":[{"start":{"line":7,"column":51},"end":{"line":7,"column":54}},{"start":{"line":7,"column":51},"end":{"line":7,"column":54}}]},"5":{"loc":{"start":{"line":7,"column":40},"end":{"line":7,"column":51}},"type":"binary-expr","locations":[{"start":{"line":7,"column":40},"end":{"line":7,"column":54}},{"start":{"line":7,"column":40},"end":{"line":7,"column":51}}]}},"s":{"0":1,"1":1,"2":1,"3":1,"4":3,"5":1,"6":1,"7":1,"8":0,"9":0,"10":0,"11":1,"12":1,"13":1,"14":1,"15":1,"16":1,"17":1,"18":1},"f":{"0":3,"1":1,"2":1,"3":1,"4":0,"5":0,"6":0},"b":{"0":[1,0],"1":[1,1],"2":[1,0],"3":[1,1],"4":[1,0],"5":[1,1]}}
,"C:\\Users\\pajot\\OneDrive\\Documents\\Cours\\Master\\M2\\Tests\\vroom-vroom\\back\\src\\modules\\cars\\cars.model.ts": {"path":"C:\\Users\\pajot\\OneDrive\\Documents\\Cours\\Master\\M2\\Tests\\vroom-vroom\\back\\src\\modules\\cars\\cars.model.ts","statementMap":{"0":{"start":{"line":3,"column":11},"end":{"line":3,"column":21}},"1":{"start":{"line":4,"column":11},"end":{"line":4,"column":24}},"2":{"start":{"line":5,"column":11},"end":{"line":5,"column":25}},"3":{"start":{"line":6,"column":11},"end":{"line":6,"column":30}},"4":{"start":{"line":7,"column":11},"end":{"line":7,"column":33}},"5":{"start":{"line":8,"column":11},"end":{"line":8,"column":28}},"6":{"start":{"line":9,"column":11},"end":{"line":9,"column":31}},"7":{"start":{"line":10,"column":20},"end":{"line":10,"column":36}},"8":{"start":{"line":11,"column":20},"end":{"line":11,"column":36}},"9":{"start":{"line":1,"column":0},"end":{"line":1,"column":13}}},"fnMap":{"0":{"name":"(anonymous_0)","decl":{"start":{"line":2,"column":2},"end":{"line":2,"column":null}},"loc":{"start":{"line":11,"column":36},"end":{"line":12,"column":6}}}},"branchMap":{},"s":{"0":44,"1":44,"2":44,"3":44,"4":44,"5":44,"6":44,"7":44,"8":44,"9":4},"f":{"0":44},"b":{}}
,"C:\\Users\\pajot\\OneDrive\\Documents\\Cours\\Master\\M2\\Tests\\vroom-vroom\\back\\src\\modules\\cars\\cars.module.ts": {"path":"C:\\Users\\pajot\\OneDrive\\Documents\\Cours\\Master\\M2\\Tests\\vroom-vroom\\back\\src\\modules\\cars\\cars.module.ts","statementMap":{"0":{"start":{"line":1,"column":0},"end":{"line":1,"column":40}},"1":{"start":{"line":2,"column":0},"end":{"line":2,"column":48}},"2":{"start":{"line":3,"column":0},"end":{"line":3,"column":51}},"3":{"start":{"line":4,"column":0},"end":{"line":4,"column":45}},"4":{"start":{"line":5,"column":0},"end":{"line":5,"column":63}},"5":{"start":{"line":6,"column":0},"end":{"line":6,"column":51}},"6":{"start":{"line":14,"column":7},"end":{"line":14,"column":null}},"7":{"start":{"line":14,"column":13},"end":{"line":14,"column":23}},"8":{"start":{"line":14,"column":13},"end":{"line":14,"column":null}}},"fnMap":{},"branchMap":{},"s":{"0":0,"1":0,"2":0,"3":0,"4":0,"5":0,"6":0,"7":0,"8":0},"f":{},"b":{}}
,"C:\\Users\\pajot\\OneDrive\\Documents\\Cours\\Master\\M2\\Tests\\vroom-vroom\\back\\src\\modules\\cars\\cars.repository.ts": {"path":"C:\\Users\\pajot\\OneDrive\\Documents\\Cours\\Master\\M2\\Tests\\vroom-vroom\\back\\src\\modules\\cars\\cars.repository.ts","statementMap":{"0":{"start":{"line":1,"column":0},"end":{"line":1,"column":44}},"1":{"start":{"line":2,"column":0},"end":{"line":2,"column":51}},"2":{"start":{"line":3,"column":0},"end":{"line":3,"column":57}},"3":{"start":{"line":4,"column":0},"end":{"line":4,"column":37}},"4":{"start":{"line":6,"column":0},"end":{"line":6,"column":63}},"5":{"start":{"line":9,"column":7},"end":{"line":67,"column":null}},"6":{"start":{"line":12,"column":21},"end":{"line":12,"column":27}},"7":{"start":{"line":16,"column":4},"end":{"line":26,"column":6}},"8":{"start":{"line":30,"column":21},"end":{"line":30,"column":43}},"9":{"start":{"line":32,"column":4},"end":{"line":32,"column":46}},"10":{"start":{"line":32,"column":29},"end":{"line":32,"column":44}},"11":{"start":{"line":36,"column":19},"end":{"line":39,"column":6}},"12":{"start":{"line":41,"column":4},"end":{"line":41,"column":48}},"13":{"start":{"line":45,"column":21},"end":{"line":48,"column":6}},"14":{"start":{"line":50,"column":4},"end":{"line":50,"column":46}},"15":{"start":{"line":50,"column":29},"end":{"line":50,"column":44}},"16":{"start":{"line":54,"column":19},"end":{"line":54,"column":41}},"17":{"start":{"line":55,"column":18},"end":{"line":55,"column":46}},"18":{"start":{"line":56,"column":4},"end":{"line":56,"column":31}},"19":{"start":{"line":60,"column":4},"end":{"line":60,"column":37}},"20":{"start":{"line":61,"column":4},"end":{"line":61,"column":29}},"21":{"start":{"line":65,"column":4},"end":{"line":65,"column":31}},"22":{"start":{"line":9,"column":13},"end":{"line":9,"column":27}},"23":{"start":{"line":9,"column":13},"end":{"line":67,"column":null}}},"fnMap":{"0":{"name":"(anonymous_4)","decl":{"start":{"line":10,"column":2},"end":{"line":10,"column":null}},"loc":{"start":{"line":12,"column":42},"end":{"line":13,"column":6}}},"1":{"name":"(anonymous_5)","decl":{"start":{"line":15,"column":10},"end":{"line":15,"column":17}},"loc":{"start":{"line":15,"column":29},"end":{"line":27,"column":3}}},"2":{"name":"(anonymous_6)","decl":{"start":{"line":29,"column":2},"end":{"line":29,"column":7}},"loc":{"start":{"line":29,"column":15},"end":{"line":33,"column":3}}},"3":{"name":"(anonymous_7)","decl":{"start":{"line":32,"column":24},"end":{"line":32,"column":25}},"loc":{"start":{"line":32,"column":29},"end":{"line":32,"column":44}}},"4":{"name":"(anonymous_8)","decl":{"start":{"line":35,"column":2},"end":{"line":35,"column":7}},"loc":{"start":{"line":35,"column":27},"end":{"line":42,"column":3}}},"5":{"name":"(anonymous_9)","decl":{"start":{"line":44,"column":2},"end":{"line":44,"column":7}},"loc":{"start":{"line":44,"column":35},"end":{"line":51,"column":3}}},"6":{"name":"(anonymous_10)","decl":{"start":{"line":50,"column":24},"end":{"line":50,"column":25}},"loc":{"start":{"line":50,"column":29},"end":{"line":50,"column":44}}},"7":{"name":"(anonymous_11)","decl":{"start":{"line":53,"column":2},"end":{"line":53,"column":7}},"loc":{"start":{"line":53,"column":33},"end":{"line":57,"column":3}}},"8":{"name":"(anonymous_12)","decl":{"start":{"line":59,"column":2},"end":{"line":59,"column":7}},"loc":{"start":{"line":59,"column":45},"end":{"line":62,"column":3}}},"9":{"name":"(anonymous_13)","decl":{"start":{"line":64,"column":2},"end":{"line":64,"column":7}},"loc":{"start":{"line":64,"column":25},"end":{"line":66,"column":3}}}},"branchMap":{"0":{"loc":{"start":{"line":22,"column":6},"end":{"line":22,"column":26}},"type":"binary-expr","locations":[{"start":{"line":22,"column":6},"end":{"line":22,"column":18}},{"start":{"line":22,"column":22},"end":{"line":22,"column":26}}]},"1":{"loc":{"start":{"line":23,"column":6},"end":{"line":23,"column":32}},"type":"binary-expr","locations":[{"start":{"line":23,"column":6},"end":{"line":23,"column":26}},{"start":{"line":23,"column":30},"end":{"line":23,"column":32}}]},"2":{"loc":{"start":{"line":41,"column":11},"end":{"line":41,"column":47}},"type":"cond-expr","locations":[{"start":{"line":41,"column":20},"end":{"line":41,"column":40}},{"start":{"line":41,"column":43},"end":{"line":41,"column":47}}]},"3":{"loc":{"start":{"line":12,"column":27},"end":{"line":12,"column":42}},"type":"cond-expr","locations":[{"start":{"line":12,"column":37},"end":{"line":12,"column":42}},{"start":{"line":12,"column":37},"end":{"line":12,"column":42}}]},"4":{"loc":{"start":{"line":12,"column":27},"end":{"line":12,"column":37}},"type":"binary-expr","locations":[{"start":{"line":12,"column":27},"end":{"line":12,"column":42}},{"start":{"line":12,"column":27},"end":{"line":12,"column":37}}]}},"s":{"0":1,"1":1,"2":1,"3":1,"4":1,"5":1,"6":0,"7":0,"8":0,"9":0,"10":0,"11":0,"12":0,"13":0,"14":0,"15":0,"16":0,"17":0,"18":0,"19":0,"20":0,"21":0,"22":1,"23":1},"f":{"0":0,"1":0,"2":0,"3":0,"4":0,"5":0,"6":0,"7":0,"8":0,"9":0},"b":{"0":[0,0],"1":[0,0],"2":[0,0],"3":[1,0],"4":[1,1]}}
,"C:\\Users\\pajot\\OneDrive\\Documents\\Cours\\Master\\M2\\Tests\\vroom-vroom\\back\\src\\modules\\cars\\cars.service.ts": {"path":"C:\\Users\\pajot\\OneDrive\\Documents\\Cours\\Master\\M2\\Tests\\vroom-vroom\\back\\src\\modules\\cars\\cars.service.ts","statementMap":{"0":{"start":{"line":1,"column":0},"end":{"line":1,"column":44}},"1":{"start":{"line":6,"column":0},"end":{"line":6,"column":51}},"2":{"start":{"line":10,"column":7},"end":{"line":38,"column":null}},"3":{"start":{"line":12,"column":21},"end":{"line":12,"column":31}},"4":{"start":{"line":16,"column":4},"end":{"line":16,"column":null}},"5":{"start":{"line":20,"column":4},"end":{"line":20,"column":null}},"6":{"start":{"line":24,"column":4},"end":{"line":24,"column":52}},"7":{"start":{"line":28,"column":4},"end":{"line":28,"column":44}},"8":{"start":{"line":32,"column":4},"end":{"line":32,"column":48}},"9":{"start":{"line":36,"column":4},"end":{"line":36,"column":42}},"10":{"start":{"line":10,"column":13},"end":{"line":10,"column":24}},"11":{"start":{"line":10,"column":13},"end":{"line":38,"column":null}}},"fnMap":{"0":{"name":"(anonymous_2)","decl":{"start":{"line":11,"column":2},"end":{"line":11,"column":null}},"loc":{"start":{"line":12,"column":45},"end":{"line":13,"column":6}}},"1":{"name":"(anonymous_3)","decl":{"start":{"line":15,"column":2},"end":{"line":15,"column":7}},"loc":{"start":{"line":15,"column":15},"end":{"line":17,"column":3}}},"2":{"name":"(anonymous_4)","decl":{"start":{"line":19,"column":2},"end":{"line":19,"column":7}},"loc":{"start":{"line":19,"column":27},"end":{"line":21,"column":3}}},"3":{"name":"(anonymous_5)","decl":{"start":{"line":23,"column":2},"end":{"line":23,"column":7}},"loc":{"start":{"line":23,"column":35},"end":{"line":25,"column":3}}},"4":{"name":"(anonymous_6)","decl":{"start":{"line":27,"column":2},"end":{"line":27,"column":7}},"loc":{"start":{"line":27,"column":33},"end":{"line":29,"column":3}}},"5":{"name":"(anonymous_7)","decl":{"start":{"line":31,"column":2},"end":{"line":31,"column":7}},"loc":{"start":{"line":31,"column":45},"end":{"line":33,"column":3}}},"6":{"name":"(anonymous_8)","decl":{"start":{"line":35,"column":2},"end":{"line":35,"column":7}},"loc":{"start":{"line":35,"column":25},"end":{"line":37,"column":3}}}},"branchMap":{"0":{"loc":{"start":{"line":12,"column":31},"end":{"line":12,"column":null}},"type":"cond-expr","locations":[{"start":{"line":12,"column":45},"end":{"line":12,"column":null}},{"start":{"line":12,"column":45},"end":{"line":12,"column":null}}]},"1":{"loc":{"start":{"line":12,"column":31},"end":{"line":12,"column":45}},"type":"binary-expr","locations":[{"start":{"line":12,"column":31},"end":{"line":12,"column":null}},{"start":{"line":12,"column":31},"end":{"line":12,"column":45}}]}},"s":{"0":1,"1":1,"2":1,"3":3,"4":1,"5":1,"6":1,"7":0,"8":0,"9":0,"10":1,"11":1},"f":{"0":3,"1":1,"2":1,"3":1,"4":0,"5":0,"6":0},"b":{"0":[1,0],"1":[1,1]}}
,"C:\\Users\\pajot\\OneDrive\\Documents\\Cours\\Master\\M2\\Tests\\vroom-vroom\\back\\src\\modules\\cars\\cars.type.ts": {"path":"C:\\Users\\pajot\\OneDrive\\Documents\\Cours\\Master\\M2\\Tests\\vroom-vroom\\back\\src\\modules\\cars\\cars.type.ts","statementMap":{"0":{"start":{"line":1,"column":0},"end":{"line":1,"column":13}},"1":{"start":{"line":8,"column":0},"end":{"line":8,"column":13}}},"fnMap":{},"branchMap":{},"s":{"0":1,"1":1},"f":{},"b":{}}
,"C:\\Users\\pajot\\OneDrive\\Documents\\Cours\\Master\\M2\\Tests\\vroom-vroom\\back\\src\\modules\\stats\\stats.controller.ts": {"path":"C:\\Users\\pajot\\OneDrive\\Documents\\Cours\\Master\\M2\\Tests\\vroom-vroom\\back\\src\\modules\\stats\\stats.controller.ts","statementMap":{"0":{"start":{"line":1,"column":0},"end":{"line":1,"column":81}},"1":{"start":{"line":2,"column":0},"end":{"line":2,"column":47}},"2":{"start":{"line":3,"column":0},"end":{"line":3,"column":62}},"3":{"start":{"line":6,"column":7},"end":{"line":33,"column":null}},"4":{"start":{"line":7,"column":31},"end":{"line":7,"column":40}},"5":{"start":{"line":11,"column":4},"end":{"line":11,"column":34}},"6":{"start":{"line":16,"column":4},"end":{"line":16,"column":45}},"7":{"start":{"line":21,"column":4},"end":{"line":21,"column":37}},"8":{"start":{"line":26,"column":4},"end":{"line":26,"column":49}},"9":{"start":{"line":31,"column":4},"end":{"line":31,"column":43}},"10":{"start":{"line":6,"column":13},"end":{"line":6,"column":28}},"11":{"start":{"line":10,"column":2},"end":{"line":12,"column":null}},"12":{"start":{"line":15,"column":2},"end":{"line":17,"column":null}},"13":{"start":{"line":20,"column":2},"end":{"line":22,"column":null}},"14":{"start":{"line":25,"column":2},"end":{"line":27,"column":null}},"15":{"start":{"line":30,"column":2},"end":{"line":32,"column":null}},"16":{"start":{"line":6,"column":13},"end":{"line":33,"column":null}}},"fnMap":{"0":{"name":"(anonymous_4)","decl":{"start":{"line":7,"column":2},"end":{"line":7,"column":31}},"loc":{"start":{"line":7,"column":52},"end":{"line":7,"column":56}}},"1":{"name":"(anonymous_5)","decl":{"start":{"line":10,"column":2},"end":{"line":10,"column":8}},"loc":{"start":{"line":10,"column":8},"end":{"line":12,"column":3}}},"2":{"name":"(anonymous_6)","decl":{"start":{"line":15,"column":2},"end":{"line":15,"column":9}},"loc":{"start":{"line":15,"column":33},"end":{"line":17,"column":3}}},"3":{"name":"(anonymous_7)","decl":{"start":{"line":20,"column":2},"end":{"line":20,"column":8}},"loc":{"start":{"line":20,"column":37},"end":{"line":22,"column":3}}},"4":{"name":"(anonymous_8)","decl":{"start":{"line":25,"column":2},"end":{"line":25,"column":8}},"loc":{"start":{"line":25,"column":62},"end":{"line":27,"column":3}}},"5":{"name":"(anonymous_9)","decl":{"start":{"line":30,"column":2},"end":{"line":30,"column":8}},"loc":{"start":{"line":30,"column":32},"end":{"line":32,"column":3}}}},"branchMap":{"0":{"loc":{"start":{"line":20,"column":23},"end":{"line":20,"column":null}},"type":"cond-expr","locations":[{"start":{"line":20,"column":37},"end":{"line":20,"column":null}},{"start":{"line":20,"column":37},"end":{"line":20,"column":null}}]},"1":{"loc":{"start":{"line":20,"column":23},"end":{"line":20,"column":37}},"type":"binary-expr","locations":[{"start":{"line":20,"column":23},"end":{"line":20,"column":null}},{"start":{"line":20,"column":23},"end":{"line":20,"column":37}}]},"2":{"loc":{"start":{"line":25,"column":48},"end":{"line":25,"column":null}},"type":"cond-expr","locations":[{"start":{"line":25,"column":62},"end":{"line":25,"column":null}},{"start":{"line":25,"column":62},"end":{"line":25,"column":null}}]},"3":{"loc":{"start":{"line":25,"column":48},"end":{"line":25,"column":62}},"type":"binary-expr","locations":[{"start":{"line":25,"column":48},"end":{"line":25,"column":null}},{"start":{"line":25,"column":48},"end":{"line":25,"column":62}}]},"4":{"loc":{"start":{"line":7,"column":40},"end":{"line":7,"column":55}},"type":"cond-expr","locations":[{"start":{"line":7,"column":52},"end":{"line":7,"column":55}},{"start":{"line":7,"column":52},"end":{"line":7,"column":55}}]},"5":{"loc":{"start":{"line":7,"column":40},"end":{"line":7,"column":52}},"type":"binary-expr","locations":[{"start":{"line":7,"column":40},"end":{"line":7,"column":55}},{"start":{"line":7,"column":40},"end":{"line":7,"column":52}}]}},"s":{"0":1,"1":1,"2":1,"3":1,"4":5,"5":1,"6":1,"7":1,"8":1,"9":1,"10":1,"11":1,"12":1,"13":1,"14":1,"15":1,"16":1},"f":{"0":5,"1":1,"2":1,"3":1,"4":1,"5":1},"b":{"0":[1,0],"1":[1,1],"2":[1,0],"3":[1,1],"4":[1,0],"5":[1,1]}}
,"C:\\Users\\pajot\\OneDrive\\Documents\\Cours\\Master\\M2\\Tests\\vroom-vroom\\back\\src\\modules\\stats\\stats.model.ts": {"path":"C:\\Users\\pajot\\OneDrive\\Documents\\Cours\\Master\\M2\\Tests\\vroom-vroom\\back\\src\\modules\\stats\\stats.model.ts","statementMap":{"0":{"start":{"line":3,"column":11},"end":{"line":3,"column":21}},"1":{"start":{"line":4,"column":11},"end":{"line":4,"column":26}},"2":{"start":{"line":5,"column":11},"end":{"line":5,"column":24}},"3":{"start":{"line":1,"column":0},"end":{"line":1,"column":13}}},"fnMap":{"0":{"name":"(anonymous_0)","decl":{"start":{"line":2,"column":2},"end":{"line":2,"column":null}},"loc":{"start":{"line":5,"column":24},"end":{"line":6,"column":6}}}},"branchMap":{},"s":{"0":45,"1":45,"2":45,"3":4},"f":{"0":45},"b":{}}
,"C:\\Users\\pajot\\OneDrive\\Documents\\Cours\\Master\\M2\\Tests\\vroom-vroom\\back\\src\\modules\\stats\\stats.module.ts": {"path":"C:\\Users\\pajot\\OneDrive\\Documents\\Cours\\Master\\M2\\Tests\\vroom-vroom\\back\\src\\modules\\stats\\stats.module.ts","statementMap":{"0":{"start":{"line":1,"column":0},"end":{"line":1,"column":40}},"1":{"start":{"line":2,"column":0},"end":{"line":2,"column":48}},"2":{"start":{"line":3,"column":0},"end":{"line":3,"column":47}},"3":{"start":{"line":4,"column":0},"end":{"line":4,"column":67}},"4":{"start":{"line":5,"column":0},"end":{"line":5,"column":53}},"5":{"start":{"line":6,"column":0},"end":{"line":6,"column":53}},"6":{"start":{"line":14,"column":7},"end":{"line":14,"column":null}},"7":{"start":{"line":14,"column":13},"end":{"line":14,"column":24}},"8":{"start":{"line":14,"column":13},"end":{"line":14,"column":null}}},"fnMap":{},"branchMap":{},"s":{"0":0,"1":0,"2":0,"3":0,"4":0,"5":0,"6":0,"7":0,"8":0},"f":{},"b":{}}
,"C:\\Users\\pajot\\OneDrive\\Documents\\Cours\\Master\\M2\\Tests\\vroom-vroom\\back\\src\\modules\\stats\\stats.repository.ts": {"path":"C:\\Users\\pajot\\OneDrive\\Documents\\Cours\\Master\\M2\\Tests\\vroom-vroom\\back\\src\\modules\\stats\\stats.repository.ts","statementMap":{"0":{"start":{"line":1,"column":0},"end":{"line":1,"column":44}},"1":{"start":{"line":2,"column":0},"end":{"line":2,"column":51}},"2":{"start":{"line":3,"column":0},"end":{"line":3,"column":61}},"3":{"start":{"line":4,"column":0},"end":{"line":4,"column":37}},"4":{"start":{"line":6,"column":0},"end":{"line":6,"column":67}},"5":{"start":{"line":9,"column":7},"end":{"line":52,"column":null}},"6":{"start":{"line":12,"column":21},"end":{"line":12,"column":27}},"7":{"start":{"line":16,"column":4},"end":{"line":20,"column":6}},"8":{"start":{"line":24,"column":21},"end":{"line":24,"column":43}},"9":{"start":{"line":26,"column":4},"end":{"line":26,"column":46}},"10":{"start":{"line":26,"column":29},"end":{"line":26,"column":44}},"11":{"start":{"line":30,"column":19},"end":{"line":33,"column":6}},"12":{"start":{"line":35,"column":4},"end":{"line":35,"column":48}},"13":{"start":{"line":39,"column":19},"end":{"line":39,"column":41}},"14":{"start":{"line":40,"column":18},"end":{"line":40,"column":46}},"15":{"start":{"line":41,"column":4},"end":{"line":41,"column":31}},"16":{"start":{"line":45,"column":4},"end":{"line":45,"column":37}},"17":{"start":{"line":46,"column":4},"end":{"line":46,"column":29}},"18":{"start":{"line":50,"column":4},"end":{"line":50,"column":31}},"19":{"start":{"line":9,"column":13},"end":{"line":9,"column":28}},"20":{"start":{"line":9,"column":13},"end":{"line":52,"column":null}}},"fnMap":{"0":{"name":"(anonymous_4)","decl":{"start":{"line":10,"column":2},"end":{"line":10,"column":null}},"loc":{"start":{"line":12,"column":44},"end":{"line":13,"column":6}}},"1":{"name":"(anonymous_5)","decl":{"start":{"line":15,"column":10},"end":{"line":15,"column":17}},"loc":{"start":{"line":15,"column":31},"end":{"line":21,"column":3}}},"2":{"name":"(anonymous_6)","decl":{"start":{"line":23,"column":2},"end":{"line":23,"column":7}},"loc":{"start":{"line":23,"column":15},"end":{"line":27,"column":3}}},"3":{"name":"(anonymous_7)","decl":{"start":{"line":26,"column":24},"end":{"line":26,"column":25}},"loc":{"start":{"line":26,"column":29},"end":{"line":26,"column":44}}},"4":{"name":"(anonymous_8)","decl":{"start":{"line":29,"column":2},"end":{"line":29,"column":7}},"loc":{"start":{"line":29,"column":27},"end":{"line":36,"column":3}}},"5":{"name":"(anonymous_9)","decl":{"start":{"line":38,"column":2},"end":{"line":38,"column":7}},"loc":{"start":{"line":38,"column":35},"end":{"line":42,"column":3}}},"6":{"name":"(anonymous_10)","decl":{"start":{"line":44,"column":2},"end":{"line":44,"column":7}},"loc":{"start":{"line":44,"column":47},"end":{"line":47,"column":3}}},"7":{"name":"(anonymous_11)","decl":{"start":{"line":49,"column":2},"end":{"line":49,"column":7}},"loc":{"start":{"line":49,"column":25},"end":{"line":51,"column":3}}}},"branchMap":{"0":{"loc":{"start":{"line":35,"column":11},"end":{"line":35,"column":47}},"type":"cond-expr","locations":[{"start":{"line":35,"column":20},"end":{"line":35,"column":40}},{"start":{"line":35,"column":43},"end":{"line":35,"column":47}}]},"1":{"loc":{"start":{"line":12,"column":27},"end":{"line":12,"column":44}},"type":"cond-expr","locations":[{"start":{"line":12,"column":37},"end":{"line":12,"column":44}},{"start":{"line":12,"column":37},"end":{"line":12,"column":44}}]},"2":{"loc":{"start":{"line":12,"column":27},"end":{"line":12,"column":37}},"type":"binary-expr","locations":[{"start":{"line":12,"column":27},"end":{"line":12,"column":44}},{"start":{"line":12,"column":27},"end":{"line":12,"column":37}}]}},"s":{"0":1,"1":1,"2":1,"3":1,"4":1,"5":1,"6":0,"7":0,"8":0,"9":0,"10":0,"11":0,"12":0,"13":0,"14":0,"15":0,"16":0,"17":0,"18":0,"19":1,"20":1},"f":{"0":0,"1":0,"2":0,"3":0,"4":0,"5":0,"6":0,"7":0},"b":{"0":[0,0],"1":[1,0],"2":[1,1]}}
,"C:\\Users\\pajot\\OneDrive\\Documents\\Cours\\Master\\M2\\Tests\\vroom-vroom\\back\\src\\modules\\stats\\stats.service.ts": {"path":"C:\\Users\\pajot\\OneDrive\\Documents\\Cours\\Master\\M2\\Tests\\vroom-vroom\\back\\src\\modules\\stats\\stats.service.ts","statementMap":{"0":{"start":{"line":1,"column":0},"end":{"line":1,"column":44}},"1":{"start":{"line":6,"column":0},"end":{"line":6,"column":53}},"2":{"start":{"line":10,"column":7},"end":{"line":34,"column":null}},"3":{"start":{"line":12,"column":21},"end":{"line":12,"column":32}},"4":{"start":{"line":16,"column":4},"end":{"line":16,"column":42}},"5":{"start":{"line":20,"column":4},"end":{"line":20,"column":45}},"6":{"start":{"line":24,"column":4},"end":{"line":24,"column":45}},"7":{"start":{"line":28,"column":4},"end":{"line":28,"column":49}},"8":{"start":{"line":32,"column":4},"end":{"line":32,"column":43}},"9":{"start":{"line":10,"column":13},"end":{"line":10,"column":25}},"10":{"start":{"line":10,"column":13},"end":{"line":34,"column":null}}},"fnMap":{"0":{"name":"(anonymous_2)","decl":{"start":{"line":11,"column":2},"end":{"line":11,"column":null}},"loc":{"start":{"line":12,"column":47},"end":{"line":13,"column":6}}},"1":{"name":"(anonymous_3)","decl":{"start":{"line":15,"column":2},"end":{"line":15,"column":7}},"loc":{"start":{"line":15,"column":15},"end":{"line":17,"column":3}}},"2":{"name":"(anonymous_4)","decl":{"start":{"line":19,"column":2},"end":{"line":19,"column":7}},"loc":{"start":{"line":19,"column":27},"end":{"line":21,"column":3}}},"3":{"name":"(anonymous_5)","decl":{"start":{"line":23,"column":2},"end":{"line":23,"column":7}},"loc":{"start":{"line":23,"column":35},"end":{"line":25,"column":3}}},"4":{"name":"(anonymous_6)","decl":{"start":{"line":27,"column":2},"end":{"line":27,"column":7}},"loc":{"start":{"line":27,"column":47},"end":{"line":29,"column":3}}},"5":{"name":"(anonymous_7)","decl":{"start":{"line":31,"column":2},"end":{"line":31,"column":7}},"loc":{"start":{"line":31,"column":25},"end":{"line":33,"column":3}}}},"branchMap":{"0":{"loc":{"start":{"line":12,"column":32},"end":{"line":12,"column":null}},"type":"cond-expr","locations":[{"start":{"line":12,"column":47},"end":{"line":12,"column":null}},{"start":{"line":12,"column":47},"end":{"line":12,"column":null}}]},"1":{"loc":{"start":{"line":12,"column":32},"end":{"line":12,"column":47}},"type":"binary-expr","locations":[{"start":{"line":12,"column":32},"end":{"line":12,"column":null}},{"start":{"line":12,"column":32},"end":{"line":12,"column":47}}]}},"s":{"0":1,"1":1,"2":1,"3":5,"4":1,"5":1,"6":1,"7":1,"8":1,"9":1,"10":1},"f":{"0":5,"1":1,"2":1,"3":1,"4":1,"5":1},"b":{"0":[1,0],"1":[1,1]}}
,"C:\\Users\\pajot\\OneDrive\\Documents\\Cours\\Master\\M2\\Tests\\vroom-vroom\\back\\src\\modules\\stats\\stats.type.ts": {"path":"C:\\Users\\pajot\\OneDrive\\Documents\\Cours\\Master\\M2\\Tests\\vroom-vroom\\back\\src\\modules\\stats\\stats.type.ts","statementMap":{"0":{"start":{"line":1,"column":0},"end":{"line":1,"column":13}},"1":{"start":{"line":6,"column":0},"end":{"line":6,"column":13}}},"fnMap":{},"branchMap":{},"s":{"0":1,"1":1},"f":{},"b":{}}
,"C:\\Users\\pajot\\OneDrive\\Documents\\Cours\\Master\\M2\\Tests\\vroom-vroom\\back\\src\\modules\\users\\users.controller.ts": {"path":"C:\\Users\\pajot\\OneDrive\\Documents\\Cours\\Master\\M2\\Tests\\vroom-vroom\\back\\src\\modules\\users\\users.controller.ts","statementMap":{"0":{"start":{"line":1,"column":0},"end":{"line":1,"column":89}},"1":{"start":{"line":2,"column":0},"end":{"line":2,"column":47}},"2":{"start":{"line":3,"column":0},"end":{"line":3,"column":61}},"3":{"start":{"line":6,"column":7},"end":{"line":35,"column":null}},"4":{"start":{"line":8,"column":21},"end":{"line":8,"column":30}},"5":{"start":{"line":13,"column":4},"end":{"line":13,"column":34}},"6":{"start":{"line":18,"column":4},"end":{"line":18,"column":45}},"7":{"start":{"line":23,"column":4},"end":{"line":23,"column":37}},"8":{"start":{"line":28,"column":4},"end":{"line":28,"column":49}},"9":{"start":{"line":33,"column":4},"end":{"line":33,"column":43}},"10":{"start":{"line":6,"column":13},"end":{"line":6,"column":28}},"11":{"start":{"line":12,"column":2},"end":{"line":14,"column":null}},"12":{"start":{"line":17,"column":2},"end":{"line":19,"column":null}},"13":{"start":{"line":22,"column":2},"end":{"line":24,"column":null}},"14":{"start":{"line":27,"column":2},"end":{"line":29,"column":null}},"15":{"start":{"line":32,"column":2},"end":{"line":34,"column":null}},"16":{"start":{"line":6,"column":13},"end":{"line":35,"column":null}}},"fnMap":{"0":{"name":"(anonymous_4)","decl":{"start":{"line":7,"column":4},"end":{"line":7,"column":null}},"loc":{"start":{"line":8,"column":42},"end":{"line":9,"column":6}}},"1":{"name":"(anonymous_5)","decl":{"start":{"line":12,"column":2},"end":{"line":12,"column":8}},"loc":{"start":{"line":12,"column":8},"end":{"line":14,"column":3}}},"2":{"name":"(anonymous_6)","decl":{"start":{"line":17,"column":2},"end":{"line":17,"column":9}},"loc":{"start":{"line":17,"column":33},"end":{"line":19,"column":3}}},"3":{"name":"(anonymous_7)","decl":{"start":{"line":22,"column":2},"end":{"line":22,"column":8}},"loc":{"start":{"line":22,"column":36},"end":{"line":24,"column":3}}},"4":{"name":"(anonymous_8)","decl":{"start":{"line":27,"column":2},"end":{"line":27,"column":8}},"loc":{"start":{"line":27,"column":61},"end":{"line":29,"column":3}}},"5":{"name":"(anonymous_9)","decl":{"start":{"line":32,"column":2},"end":{"line":32,"column":8}},"loc":{"start":{"line":32,"column":32},"end":{"line":34,"column":3}}}},"branchMap":{"0":{"loc":{"start":{"line":22,"column":23},"end":{"line":22,"column":null}},"type":"cond-expr","locations":[{"start":{"line":22,"column":36},"end":{"line":22,"column":null}},{"start":{"line":22,"column":36},"end":{"line":22,"column":null}}]},"1":{"loc":{"start":{"line":22,"column":23},"end":{"line":22,"column":36}},"type":"binary-expr","locations":[{"start":{"line":22,"column":23},"end":{"line":22,"column":null}},{"start":{"line":22,"column":23},"end":{"line":22,"column":36}}]},"2":{"loc":{"start":{"line":27,"column":48},"end":{"line":27,"column":null}},"type":"cond-expr","locations":[{"start":{"line":27,"column":61},"end":{"line":27,"column":null}},{"start":{"line":27,"column":61},"end":{"line":27,"column":null}}]},"3":{"loc":{"start":{"line":27,"column":48},"end":{"line":27,"column":61}},"type":"binary-expr","locations":[{"start":{"line":27,"column":48},"end":{"line":27,"column":null}},{"start":{"line":27,"column":48},"end":{"line":27,"column":61}}]},"4":{"loc":{"start":{"line":8,"column":30},"end":{"line":8,"column":null}},"type":"cond-expr","locations":[{"start":{"line":8,"column":42},"end":{"line":8,"column":null}},{"start":{"line":8,"column":42},"end":{"line":8,"column":null}}]},"5":{"loc":{"start":{"line":8,"column":30},"end":{"line":8,"column":42}},"type":"binary-expr","locations":[{"start":{"line":8,"column":30},"end":{"line":8,"column":null}},{"start":{"line":8,"column":30},"end":{"line":8,"column":42}}]}},"s":{"0":1,"1":1,"2":1,"3":1,"4":5,"5":1,"6":1,"7":1,"8":1,"9":1,"10":1,"11":1,"12":1,"13":1,"14":1,"15":1,"16":1},"f":{"0":5,"1":1,"2":1,"3":1,"4":1,"5":1},"b":{"0":[1,0],"1":[1,1],"2":[1,0],"3":[1,1],"4":[1,0],"5":[1,1]}}
,"C:\\Users\\pajot\\OneDrive\\Documents\\Cours\\Master\\M2\\Tests\\vroom-vroom\\back\\src\\modules\\users\\users.model.ts": {"path":"C:\\Users\\pajot\\OneDrive\\Documents\\Cours\\Master\\M2\\Tests\\vroom-vroom\\back\\src\\modules\\users\\users.model.ts","statementMap":{"0":{"start":{"line":3,"column":11},"end":{"line":3,"column":21}},"1":{"start":{"line":4,"column":11},"end":{"line":4,"column":23}},"2":{"start":{"line":1,"column":0},"end":{"line":1,"column":13}}},"fnMap":{"0":{"name":"(anonymous_0)","decl":{"start":{"line":2,"column":2},"end":{"line":2,"column":null}},"loc":{"start":{"line":4,"column":23},"end":{"line":5,"column":6}}}},"branchMap":{},"s":{"0":5,"1":5,"2":2},"f":{"0":5},"b":{}}
,"C:\\Users\\pajot\\OneDrive\\Documents\\Cours\\Master\\M2\\Tests\\vroom-vroom\\back\\src\\modules\\users\\users.module.ts": {"path":"C:\\Users\\pajot\\OneDrive\\Documents\\Cours\\Master\\M2\\Tests\\vroom-vroom\\back\\src\\modules\\users\\users.module.ts","statementMap":{"0":{"start":{"line":1,"column":0},"end":{"line":1,"column":40}},"1":{"start":{"line":2,"column":0},"end":{"line":2,"column":48}},"2":{"start":{"line":3,"column":0},"end":{"line":3,"column":53}},"3":{"start":{"line":4,"column":0},"end":{"line":4,"column":47}},"4":{"start":{"line":5,"column":0},"end":{"line":5,"column":65}},"5":{"start":{"line":6,"column":0},"end":{"line":6,"column":53}},"6":{"start":{"line":15,"column":7},"end":{"line":15,"column":null}},"7":{"start":{"line":15,"column":13},"end":{"line":15,"column":24}},"8":{"start":{"line":15,"column":13},"end":{"line":15,"column":null}}},"fnMap":{},"branchMap":{},"s":{"0":0,"1":0,"2":0,"3":0,"4":0,"5":0,"6":0,"7":0,"8":0},"f":{},"b":{}}
,"C:\\Users\\pajot\\OneDrive\\Documents\\Cours\\Master\\M2\\Tests\\vroom-vroom\\back\\src\\modules\\users\\users.repository.ts": {"path":"C:\\Users\\pajot\\OneDrive\\Documents\\Cours\\Master\\M2\\Tests\\vroom-vroom\\back\\src\\modules\\users\\users.repository.ts","statementMap":{"0":{"start":{"line":1,"column":0},"end":{"line":1,"column":44}},"1":{"start":{"line":2,"column":0},"end":{"line":2,"column":51}},"2":{"start":{"line":3,"column":0},"end":{"line":3,"column":37}},"3":{"start":{"line":4,"column":0},"end":{"line":4,"column":43}},"4":{"start":{"line":5,"column":0},"end":{"line":5,"column":65}},"5":{"start":{"line":9,"column":7},"end":{"line":49,"column":null}},"6":{"start":{"line":12,"column":21},"end":{"line":12,"column":27}},"7":{"start":{"line":16,"column":4},"end":{"line":19,"column":6}},"8":{"start":{"line":22,"column":23},"end":{"line":22,"column":45}},"9":{"start":{"line":24,"column":6},"end":{"line":24,"column":48}},"10":{"start":{"line":24,"column":31},"end":{"line":24,"column":46}},"11":{"start":{"line":28,"column":21},"end":{"line":30,"column":8}},"12":{"start":{"line":32,"column":6},"end":{"line":32,"column":50}},"13":{"start":{"line":36,"column":21},"end":{"line":36,"column":43}},"14":{"start":{"line":37,"column":20},"end":{"line":37,"column":48}},"15":{"start":{"line":38,"column":6},"end":{"line":38,"column":33}},"16":{"start":{"line":42,"column":6},"end":{"line":42,"column":39}},"17":{"start":{"line":43,"column":6},"end":{"line":43,"column":31}},"18":{"start":{"line":47,"column":6},"end":{"line":47,"column":33}},"19":{"start":{"line":9,"column":13},"end":{"line":9,"column":28}},"20":{"start":{"line":9,"column":13},"end":{"line":49,"column":null}}},"fnMap":{"0":{"name":"(anonymous_4)","decl":{"start":{"line":10,"column":2},"end":{"line":10,"column":null}},"loc":{"start":{"line":12,"column":43},"end":{"line":13,"column":6}}},"1":{"name":"(anonymous_5)","decl":{"start":{"line":15,"column":10},"end":{"line":15,"column":17}},"loc":{"start":{"line":15,"column":30},"end":{"line":20,"column":3}}},"2":{"name":"(anonymous_6)","decl":{"start":{"line":21,"column":2},"end":{"line":21,"column":7}},"loc":{"start":{"line":21,"column":15},"end":{"line":25,"column":5}}},"3":{"name":"(anonymous_7)","decl":{"start":{"line":24,"column":26},"end":{"line":24,"column":27}},"loc":{"start":{"line":24,"column":31},"end":{"line":24,"column":46}}},"4":{"name":"(anonymous_8)","decl":{"start":{"line":27,"column":4},"end":{"line":27,"column":9}},"loc":{"start":{"line":27,"column":29},"end":{"line":33,"column":5}}},"5":{"name":"(anonymous_9)","decl":{"start":{"line":35,"column":4},"end":{"line":35,"column":9}},"loc":{"start":{"line":35,"column":36},"end":{"line":39,"column":5}}},"6":{"name":"(anonymous_10)","decl":{"start":{"line":41,"column":4},"end":{"line":41,"column":9}},"loc":{"start":{"line":41,"column":48},"end":{"line":44,"column":5}}},"7":{"name":"(anonymous_11)","decl":{"start":{"line":46,"column":4},"end":{"line":46,"column":9}},"loc":{"start":{"line":46,"column":27},"end":{"line":48,"column":5}}}},"branchMap":{"0":{"loc":{"start":{"line":32,"column":13},"end":{"line":32,"column":49}},"type":"cond-expr","locations":[{"start":{"line":32,"column":22},"end":{"line":32,"column":42}},{"start":{"line":32,"column":45},"end":{"line":32,"column":49}}]},"1":{"loc":{"start":{"line":12,"column":27},"end":{"line":12,"column":43}},"type":"cond-expr","locations":[{"start":{"line":12,"column":37},"end":{"line":12,"column":43}},{"start":{"line":12,"column":37},"end":{"line":12,"column":43}}]},"2":{"loc":{"start":{"line":12,"column":27},"end":{"line":12,"column":37}},"type":"binary-expr","locations":[{"start":{"line":12,"column":27},"end":{"line":12,"column":43}},{"start":{"line":12,"column":27},"end":{"line":12,"column":37}}]}},"s":{"0":1,"1":1,"2":1,"3":1,"4":1,"5":1,"6":0,"7":0,"8":0,"9":0,"10":0,"11":0,"12":0,"13":0,"14":0,"15":0,"16":0,"17":0,"18":0,"19":1,"20":1},"f":{"0":0,"1":0,"2":0,"3":0,"4":0,"5":0,"6":0,"7":0},"b":{"0":[0,0],"1":[1,0],"2":[1,1]}}
,"C:\\Users\\pajot\\OneDrive\\Documents\\Cours\\Master\\M2\\Tests\\vroom-vroom\\back\\src\\modules\\users\\users.service.ts": {"path":"C:\\Users\\pajot\\OneDrive\\Documents\\Cours\\Master\\M2\\Tests\\vroom-vroom\\back\\src\\modules\\users\\users.service.ts","statementMap":{"0":{"start":{"line":5,"column":0},"end":{"line":5,"column":44}},"1":{"start":{"line":8,"column":0},"end":{"line":8,"column":53}},"2":{"start":{"line":12,"column":7},"end":{"line":36,"column":null}},"3":{"start":{"line":14,"column":21},"end":{"line":14,"column":32}},"4":{"start":{"line":18,"column":6},"end":{"line":18,"column":null}},"5":{"start":{"line":22,"column":6},"end":{"line":22,"column":null}},"6":{"start":{"line":26,"column":6},"end":{"line":26,"column":47}},"7":{"start":{"line":30,"column":6},"end":{"line":30,"column":51}},"8":{"start":{"line":34,"column":6},"end":{"line":34,"column":45}},"9":{"start":{"line":12,"column":13},"end":{"line":12,"column":25}},"10":{"start":{"line":12,"column":13},"end":{"line":36,"column":null}}},"fnMap":{"0":{"name":"(anonymous_2)","decl":{"start":{"line":13,"column":2},"end":{"line":13,"column":null}},"loc":{"start":{"line":14,"column":47},"end":{"line":15,"column":6}}},"1":{"name":"(anonymous_3)","decl":{"start":{"line":17,"column":2},"end":{"line":17,"column":7}},"loc":{"start":{"line":17,"column":15},"end":{"line":19,"column":5}}},"2":{"name":"(anonymous_4)","decl":{"start":{"line":21,"column":4},"end":{"line":21,"column":9}},"loc":{"start":{"line":21,"column":29},"end":{"line":23,"column":5}}},"3":{"name":"(anonymous_5)","decl":{"start":{"line":25,"column":4},"end":{"line":25,"column":9}},"loc":{"start":{"line":25,"column":36},"end":{"line":27,"column":5}}},"4":{"name":"(anonymous_6)","decl":{"start":{"line":29,"column":4},"end":{"line":29,"column":9}},"loc":{"start":{"line":29,"column":48},"end":{"line":31,"column":5}}},"5":{"name":"(anonymous_7)","decl":{"start":{"line":33,"column":4},"end":{"line":33,"column":9}},"loc":{"start":{"line":33,"column":27},"end":{"line":35,"column":5}}}},"branchMap":{"0":{"loc":{"start":{"line":14,"column":32},"end":{"line":14,"column":null}},"type":"cond-expr","locations":[{"start":{"line":14,"column":47},"end":{"line":14,"column":null}},{"start":{"line":14,"column":47},"end":{"line":14,"column":null}}]},"1":{"loc":{"start":{"line":14,"column":32},"end":{"line":14,"column":47}},"type":"binary-expr","locations":[{"start":{"line":14,"column":32},"end":{"line":14,"column":null}},{"start":{"line":14,"column":32},"end":{"line":14,"column":47}}]}},"s":{"0":1,"1":1,"2":1,"3":5,"4":1,"5":1,"6":1,"7":1,"8":1,"9":1,"10":1},"f":{"0":5,"1":1,"2":1,"3":1,"4":1,"5":1},"b":{"0":[1,0],"1":[1,1]}}
,"C:\\Users\\pajot\\OneDrive\\Documents\\Cours\\Master\\M2\\Tests\\vroom-vroom\\back\\src\\modules\\users\\users.types.ts": {"path":"C:\\Users\\pajot\\OneDrive\\Documents\\Cours\\Master\\M2\\Tests\\vroom-vroom\\back\\src\\modules\\users\\users.types.ts","statementMap":{"0":{"start":{"line":1,"column":0},"end":{"line":1,"column":13}},"1":{"start":{"line":5,"column":0},"end":{"line":5,"column":13}}},"fnMap":{},"branchMap":{},"s":{"0":1,"1":1},"f":{},"b":{}}
}
